{"name":"hexo","hostname":"iMac.local","pid":3190,"level":20,"msg":"Hexo version: \u001b[35m3.2.2\u001b[39m","time":"2017-01-17T05:55:47.046Z","v":0}
{"name":"hexo","hostname":"iMac.local","pid":3190,"level":20,"msg":"Working directory: \u001b[35m~/Blog/\u001b[39m","time":"2017-01-17T05:55:47.048Z","v":0}
{"name":"hexo","hostname":"iMac.local","pid":3190,"level":20,"msg":"Config loaded: \u001b[35m~/Blog/_config.yml\u001b[39m","time":"2017-01-17T05:55:47.110Z","v":0}
{"name":"hexo","hostname":"iMac.local","pid":3190,"level":20,"msg":"Script loaded: \u001b[35mthemes/next/scripts/merge-configs.js\u001b[39m","time":"2017-01-17T05:55:47.121Z","v":0}
{"name":"hexo","hostname":"iMac.local","pid":3190,"level":20,"msg":"Script loaded: \u001b[35mthemes/next/scripts/tags/button.js\u001b[39m","time":"2017-01-17T05:55:47.121Z","v":0}
{"name":"hexo","hostname":"iMac.local","pid":3190,"level":20,"msg":"Script loaded: \u001b[35mthemes/next/scripts/tags/center-quote.js\u001b[39m","time":"2017-01-17T05:55:47.122Z","v":0}
{"name":"hexo","hostname":"iMac.local","pid":3190,"level":20,"msg":"Script loaded: \u001b[35mthemes/next/scripts/tags/full-image.js\u001b[39m","time":"2017-01-17T05:55:47.122Z","v":0}
{"name":"hexo","hostname":"iMac.local","pid":3190,"level":20,"msg":"Script loaded: \u001b[35mthemes/next/scripts/tags/group-pictures.js\u001b[39m","time":"2017-01-17T05:55:47.122Z","v":0}
{"name":"hexo","hostname":"iMac.local","pid":3190,"level":20,"msg":"Script loaded: \u001b[35mthemes/next/scripts/tags/note.js\u001b[39m","time":"2017-01-17T05:55:47.123Z","v":0}
{"name":"hexo","hostname":"iMac.local","pid":3190,"level":20,"msg":"Plugin loaded: \u001b[35mhexo-deployer-git\u001b[39m","time":"2017-01-17T05:55:47.124Z","v":0}
{"name":"hexo","hostname":"iMac.local","pid":3190,"level":20,"msg":"Plugin loaded: \u001b[35mhexo-generator-archive\u001b[39m","time":"2017-01-17T05:55:47.126Z","v":0}
{"name":"hexo","hostname":"iMac.local","pid":3190,"level":20,"msg":"Plugin loaded: \u001b[35mhexo-generator-category\u001b[39m","time":"2017-01-17T05:55:47.127Z","v":0}
{"name":"hexo","hostname":"iMac.local","pid":3190,"level":20,"msg":"Plugin loaded: \u001b[35mhexo-generator-index\u001b[39m","time":"2017-01-17T05:55:47.128Z","v":0}
{"name":"hexo","hostname":"iMac.local","pid":3190,"level":20,"msg":"Plugin loaded: \u001b[35mhexo-generator-tag\u001b[39m","time":"2017-01-17T05:55:47.128Z","v":0}
{"name":"hexo","hostname":"iMac.local","pid":3190,"level":20,"msg":"Plugin loaded: \u001b[35mhexo-renderer-ejs\u001b[39m","time":"2017-01-17T05:55:47.130Z","v":0}
{"name":"hexo","hostname":"iMac.local","pid":3190,"level":20,"msg":"Plugin loaded: \u001b[35mhexo-renderer-marked\u001b[39m","time":"2017-01-17T05:55:47.133Z","v":0}
{"name":"hexo","hostname":"iMac.local","pid":3190,"level":20,"msg":"Plugin loaded: \u001b[35mhexo-renderer-stylus\u001b[39m","time":"2017-01-17T05:55:47.134Z","v":0}
{"name":"hexo","hostname":"iMac.local","pid":3190,"level":20,"msg":"Plugin loaded: \u001b[35mhexo-server\u001b[39m","time":"2017-01-17T05:55:47.171Z","v":0}
{"name":"hexo","hostname":"iMac.local","pid":3190,"level":20,"msg":"Loading database.","time":"2017-01-17T05:55:47.178Z","v":0}
{"name":"hexo","hostname":"iMac.local","pid":3190,"level":30,"msg":"Start processing","time":"2017-01-17T05:55:47.184Z","v":0}
{"name":"hexo","hostname":"iMac.local","pid":3190,"level":20,"msg":"Theme config loaded.","time":"2017-01-17T05:55:47.339Z","v":0}
{"name":"hexo","hostname":"iMac.local","pid":3190,"level":20,"msg":"Processed: \u001b[35m_config.yml\u001b[39m","time":"2017-01-17T05:55:47.339Z","v":0}
{"name":"hexo","hostname":"iMac.local","pid":3190,"level":20,"msg":"Processed: \u001b[35msource/css/main.styl\u001b[39m","time":"2017-01-17T05:55:47.353Z","v":0}
{"name":"hexo","hostname":"iMac.local","pid":3190,"level":20,"msg":"Processed: \u001b[35msource/images/avatar.gif\u001b[39m","time":"2017-01-17T05:55:47.354Z","v":0}
{"name":"hexo","hostname":"iMac.local","pid":3190,"level":20,"msg":"Processed: \u001b[35msource/images/algolia_logo.svg\u001b[39m","time":"2017-01-17T05:55:47.354Z","v":0}
{"name":"hexo","hostname":"iMac.local","pid":3190,"level":20,"msg":"Processed: \u001b[35msource/images/cc-by-nc-nd.svg\u001b[39m","time":"2017-01-17T05:55:47.354Z","v":0}
{"name":"hexo","hostname":"iMac.local","pid":3190,"level":20,"msg":"Processed: \u001b[35msource/images/cc-by-nc-sa.svg\u001b[39m","time":"2017-01-17T05:55:47.355Z","v":0}
{"name":"hexo","hostname":"iMac.local","pid":3190,"level":20,"msg":"Processed: \u001b[35msource/images/cc-by-nc.svg\u001b[39m","time":"2017-01-17T05:55:47.355Z","v":0}
{"name":"hexo","hostname":"iMac.local","pid":3190,"level":20,"msg":"Processed: \u001b[35msource/images/loading.gif\u001b[39m","time":"2017-01-17T05:55:47.356Z","v":0}
{"name":"hexo","hostname":"iMac.local","pid":3190,"level":20,"msg":"Processed: \u001b[35msource/images/cc-by-nd.svg\u001b[39m","time":"2017-01-17T05:55:47.356Z","v":0}
{"name":"hexo","hostname":"iMac.local","pid":3190,"level":20,"msg":"Processed: \u001b[35msource/images/placeholder.gif\u001b[39m","time":"2017-01-17T05:55:47.356Z","v":0}
{"name":"hexo","hostname":"iMac.local","pid":3190,"level":20,"msg":"Processed: \u001b[35msource/images/cc-zero.svg\u001b[39m","time":"2017-01-17T05:55:47.357Z","v":0}
{"name":"hexo","hostname":"iMac.local","pid":3190,"level":20,"msg":"Processed: \u001b[35msource/images/cc-by-sa.svg\u001b[39m","time":"2017-01-17T05:55:47.357Z","v":0}
{"name":"hexo","hostname":"iMac.local","pid":3190,"level":20,"msg":"Processed: \u001b[35msource/images/searchicon.png\u001b[39m","time":"2017-01-17T05:55:47.358Z","v":0}
{"name":"hexo","hostname":"iMac.local","pid":3190,"level":20,"msg":"Processed: \u001b[35msource/images/cc-by.svg\u001b[39m","time":"2017-01-17T05:55:47.358Z","v":0}
{"name":"hexo","hostname":"iMac.local","pid":3190,"level":20,"msg":"Processed: \u001b[35msource/images/quote-l.svg\u001b[39m","time":"2017-01-17T05:55:47.359Z","v":0}
{"name":"hexo","hostname":"iMac.local","pid":3190,"level":20,"msg":"Processed: \u001b[35msource/images/quote-r.svg\u001b[39m","time":"2017-01-17T05:55:47.359Z","v":0}
{"name":"hexo","hostname":"iMac.local","pid":3190,"level":20,"msg":"Processed: \u001b[35mlayout/_layout.swig\u001b[39m","time":"2017-01-17T05:55:47.544Z","v":0}
{"name":"hexo","hostname":"iMac.local","pid":3190,"level":20,"msg":"Processed: \u001b[35mlayout/archive.swig\u001b[39m","time":"2017-01-17T05:55:47.544Z","v":0}
{"name":"hexo","hostname":"iMac.local","pid":3190,"level":20,"msg":"Processed: \u001b[35mlayout/category.swig\u001b[39m","time":"2017-01-17T05:55:47.544Z","v":0}
{"name":"hexo","hostname":"iMac.local","pid":3190,"level":20,"msg":"Processed: \u001b[35mlayout/index.swig\u001b[39m","time":"2017-01-17T05:55:47.545Z","v":0}
{"name":"hexo","hostname":"iMac.local","pid":3190,"level":20,"msg":"Processed: \u001b[35mlayout/.DS_Store\u001b[39m","time":"2017-01-17T05:55:47.545Z","v":0}
{"name":"hexo","hostname":"iMac.local","pid":3190,"level":20,"msg":"Processed: \u001b[35mlayout/post.swig\u001b[39m","time":"2017-01-17T05:55:47.545Z","v":0}
{"name":"hexo","hostname":"iMac.local","pid":3190,"level":20,"msg":"Processed: \u001b[35mlayout/page.swig\u001b[39m","time":"2017-01-17T05:55:47.545Z","v":0}
{"name":"hexo","hostname":"iMac.local","pid":3190,"level":20,"msg":"Processed: \u001b[35mlayout/schedule.swig\u001b[39m","time":"2017-01-17T05:55:47.545Z","v":0}
{"name":"hexo","hostname":"iMac.local","pid":3190,"level":20,"msg":"Processed: \u001b[35mlayout/tag.swig\u001b[39m","time":"2017-01-17T05:55:47.546Z","v":0}
{"name":"hexo","hostname":"iMac.local","pid":3190,"level":20,"msg":"Processed: \u001b[35mlanguages/de.yml\u001b[39m","time":"2017-01-17T05:55:47.555Z","v":0}
{"name":"hexo","hostname":"iMac.local","pid":3190,"level":20,"msg":"Processed: \u001b[35mlanguages/default.yml\u001b[39m","time":"2017-01-17T05:55:47.555Z","v":0}
{"name":"hexo","hostname":"iMac.local","pid":3190,"level":20,"msg":"Processed: \u001b[35mlanguages/en.yml\u001b[39m","time":"2017-01-17T05:55:47.556Z","v":0}
{"name":"hexo","hostname":"iMac.local","pid":3190,"level":20,"msg":"Processed: \u001b[35mlanguages/fr-FR.yml\u001b[39m","time":"2017-01-17T05:55:47.556Z","v":0}
{"name":"hexo","hostname":"iMac.local","pid":3190,"level":20,"msg":"Processed: \u001b[35mlanguages/id.yml\u001b[39m","time":"2017-01-17T05:55:47.556Z","v":0}
{"name":"hexo","hostname":"iMac.local","pid":3190,"level":20,"msg":"Processed: \u001b[35mlanguages/ja.yml\u001b[39m","time":"2017-01-17T05:55:47.556Z","v":0}
{"name":"hexo","hostname":"iMac.local","pid":3190,"level":20,"msg":"Processed: \u001b[35mlanguages/ko.yml\u001b[39m","time":"2017-01-17T05:55:47.556Z","v":0}
{"name":"hexo","hostname":"iMac.local","pid":3190,"level":20,"msg":"Processed: \u001b[35mlanguages/ru.yml\u001b[39m","time":"2017-01-17T05:55:47.556Z","v":0}
{"name":"hexo","hostname":"iMac.local","pid":3190,"level":20,"msg":"Processed: \u001b[35mlanguages/pt-BR.yml\u001b[39m","time":"2017-01-17T05:55:47.556Z","v":0}
{"name":"hexo","hostname":"iMac.local","pid":3190,"level":20,"msg":"Processed: \u001b[35mlanguages/zh-Hans.yml\u001b[39m","time":"2017-01-17T05:55:47.556Z","v":0}
{"name":"hexo","hostname":"iMac.local","pid":3190,"level":20,"msg":"Processed: \u001b[35mlanguages/zh-hk.yml\u001b[39m","time":"2017-01-17T05:55:47.556Z","v":0}
{"name":"hexo","hostname":"iMac.local","pid":3190,"level":20,"msg":"Processed: \u001b[35mlanguages/pt.yml\u001b[39m","time":"2017-01-17T05:55:47.556Z","v":0}
{"name":"hexo","hostname":"iMac.local","pid":3190,"level":20,"msg":"Processed: \u001b[35mlanguages/zh-tw.yml\u001b[39m","time":"2017-01-17T05:55:47.556Z","v":0}
{"name":"hexo","hostname":"iMac.local","pid":3190,"level":20,"msg":"Processed: \u001b[35m_posts/Swift的lazy关键字–延迟加载.md\u001b[39m","time":"2017-01-17T05:55:47.559Z","v":0}
{"name":"hexo","hostname":"iMac.local","pid":3190,"level":20,"msg":"Processed: \u001b[35msource/js/src/affix.js\u001b[39m","time":"2017-01-17T05:55:47.563Z","v":0}
{"name":"hexo","hostname":"iMac.local","pid":3190,"level":20,"msg":"Processed: \u001b[35msource/js/src/algolia-search.js\u001b[39m","time":"2017-01-17T05:55:47.564Z","v":0}
{"name":"hexo","hostname":"iMac.local","pid":3190,"level":20,"msg":"Processed: \u001b[35msource/js/src/bootstrap.js\u001b[39m","time":"2017-01-17T05:55:47.564Z","v":0}
{"name":"hexo","hostname":"iMac.local","pid":3190,"level":20,"msg":"Processed: \u001b[35msource/js/src/hook-duoshuo.js\u001b[39m","time":"2017-01-17T05:55:47.565Z","v":0}
{"name":"hexo","hostname":"iMac.local","pid":3190,"level":20,"msg":"Processed: \u001b[35msource/js/src/motion.js\u001b[39m","time":"2017-01-17T05:55:47.565Z","v":0}
{"name":"hexo","hostname":"iMac.local","pid":3190,"level":20,"msg":"Processed: \u001b[35msource/js/src/post-details.js\u001b[39m","time":"2017-01-17T05:55:47.565Z","v":0}
{"name":"hexo","hostname":"iMac.local","pid":3190,"level":20,"msg":"Processed: \u001b[35msource/js/src/scrollspy.js\u001b[39m","time":"2017-01-17T05:55:47.566Z","v":0}
{"name":"hexo","hostname":"iMac.local","pid":3190,"level":20,"msg":"Processed: \u001b[35msource/js/src/utils.js\u001b[39m","time":"2017-01-17T05:55:47.566Z","v":0}
{"name":"hexo","hostname":"iMac.local","pid":3190,"level":20,"msg":"Processed: \u001b[35msource/lib/canvas-nest/canvas-nest.min.js\u001b[39m","time":"2017-01-17T05:55:47.567Z","v":0}
{"name":"hexo","hostname":"iMac.local","pid":3190,"level":20,"msg":"Processed: \u001b[35msource/lib/fastclick/LICENSE\u001b[39m","time":"2017-01-17T05:55:47.567Z","v":0}
{"name":"hexo","hostname":"iMac.local","pid":3190,"level":20,"msg":"Processed: \u001b[35msource/lib/algolia-instant-search/instantsearch.min.css\u001b[39m","time":"2017-01-17T05:55:47.567Z","v":0}
{"name":"hexo","hostname":"iMac.local","pid":3190,"level":20,"msg":"Processed: \u001b[35msource/lib/fastclick/README.md\u001b[39m","time":"2017-01-17T05:55:47.568Z","v":0}
{"name":"hexo","hostname":"iMac.local","pid":3190,"level":20,"msg":"Processed: \u001b[35msource/lib/fastclick/bower.json\u001b[39m","time":"2017-01-17T05:55:47.569Z","v":0}
{"name":"hexo","hostname":"iMac.local","pid":3190,"level":20,"msg":"Processed: \u001b[35msource/lib/font-awesome/HELP-US-OUT.txt\u001b[39m","time":"2017-01-17T05:55:47.570Z","v":0}
{"name":"hexo","hostname":"iMac.local","pid":3190,"level":20,"msg":"Processed: \u001b[35msource/lib/font-awesome/bower.json\u001b[39m","time":"2017-01-17T05:55:47.570Z","v":0}
{"name":"hexo","hostname":"iMac.local","pid":3190,"level":20,"msg":"Processed: \u001b[35msource/lib/jquery_lazyload/jquery.scrollstop.js\u001b[39m","time":"2017-01-17T05:55:47.572Z","v":0}
{"name":"hexo","hostname":"iMac.local","pid":3190,"level":20,"msg":"Processed: \u001b[35msource/lib/jquery_lazyload/jquery.lazyload.js\u001b[39m","time":"2017-01-17T05:55:47.572Z","v":0}
{"name":"hexo","hostname":"iMac.local","pid":3190,"level":20,"msg":"Processed: \u001b[35msource/lib/jquery_lazyload/CONTRIBUTING.md\u001b[39m","time":"2017-01-17T05:55:47.572Z","v":0}
{"name":"hexo","hostname":"iMac.local","pid":3190,"level":20,"msg":"Processed: \u001b[35msource/lib/jquery_lazyload/README.md\u001b[39m","time":"2017-01-17T05:55:47.572Z","v":0}
{"name":"hexo","hostname":"iMac.local","pid":3190,"level":20,"msg":"Processed: \u001b[35msource/lib/jquery_lazyload/bower.json\u001b[39m","time":"2017-01-17T05:55:47.573Z","v":0}
{"name":"hexo","hostname":"iMac.local","pid":3190,"level":20,"msg":"Processed: \u001b[35msource/lib/velocity/velocity.min.js\u001b[39m","time":"2017-01-17T05:55:47.573Z","v":0}
{"name":"hexo","hostname":"iMac.local","pid":3190,"level":20,"msg":"Processed: \u001b[35msource/lib/velocity/velocity.ui.min.js\u001b[39m","time":"2017-01-17T05:55:47.573Z","v":0}
{"name":"hexo","hostname":"iMac.local","pid":3190,"level":20,"msg":"Processed: \u001b[35msource/lib/velocity/velocity.ui.js\u001b[39m","time":"2017-01-17T05:55:47.573Z","v":0}
{"name":"hexo","hostname":"iMac.local","pid":3190,"level":20,"msg":"Processed: \u001b[35msource/lib/velocity/bower.json\u001b[39m","time":"2017-01-17T05:55:47.801Z","v":0}
{"name":"hexo","hostname":"iMac.local","pid":3190,"level":20,"msg":"Processed: \u001b[35msource/lib/jquery/index.js\u001b[39m","time":"2017-01-17T05:55:47.801Z","v":0}
{"name":"hexo","hostname":"iMac.local","pid":3190,"level":20,"msg":"Processed: \u001b[35mlayout/_custom/header.swig\u001b[39m","time":"2017-01-17T05:55:47.853Z","v":0}
{"name":"hexo","hostname":"iMac.local","pid":3190,"level":20,"msg":"Processed: \u001b[35mlayout/_macro/post-collapse.swig\u001b[39m","time":"2017-01-17T05:55:47.853Z","v":0}
{"name":"hexo","hostname":"iMac.local","pid":3190,"level":20,"msg":"Processed: \u001b[35mlayout/_custom/sidebar.swig\u001b[39m","time":"2017-01-17T05:55:47.853Z","v":0}
{"name":"hexo","hostname":"iMac.local","pid":3190,"level":20,"msg":"Processed: \u001b[35mlayout/_macro/post.swig\u001b[39m","time":"2017-01-17T05:55:47.854Z","v":0}
{"name":"hexo","hostname":"iMac.local","pid":3190,"level":20,"msg":"Processed: \u001b[35mlayout/_macro/reward.swig\u001b[39m","time":"2017-01-17T05:55:47.854Z","v":0}
{"name":"hexo","hostname":"iMac.local","pid":3190,"level":20,"msg":"Processed: \u001b[35mlayout/_macro/sidebar.swig\u001b[39m","time":"2017-01-17T05:55:47.854Z","v":0}
{"name":"hexo","hostname":"iMac.local","pid":3190,"level":20,"msg":"Processed: \u001b[35mlayout/_macro/wechat-subscriber.swig\u001b[39m","time":"2017-01-17T05:55:47.854Z","v":0}
{"name":"hexo","hostname":"iMac.local","pid":3190,"level":20,"msg":"Processed: \u001b[35mlayout/_partials/comments.swig\u001b[39m","time":"2017-01-17T05:55:47.854Z","v":0}
{"name":"hexo","hostname":"iMac.local","pid":3190,"level":20,"msg":"Processed: \u001b[35mlayout/_partials/duoshuo-hot-articles.swig\u001b[39m","time":"2017-01-17T05:55:47.854Z","v":0}
{"name":"hexo","hostname":"iMac.local","pid":3190,"level":20,"msg":"Processed: \u001b[35mlayout/_partials/head.swig\u001b[39m","time":"2017-01-17T05:55:47.854Z","v":0}
{"name":"hexo","hostname":"iMac.local","pid":3190,"level":20,"msg":"Processed: \u001b[35mlayout/_partials/footer.swig\u001b[39m","time":"2017-01-17T05:55:47.854Z","v":0}
{"name":"hexo","hostname":"iMac.local","pid":3190,"level":20,"msg":"Processed: \u001b[35mlayout/_partials/page-header.swig\u001b[39m","time":"2017-01-17T05:55:47.854Z","v":0}
{"name":"hexo","hostname":"iMac.local","pid":3190,"level":20,"msg":"Processed: \u001b[35mlayout/_partials/pagination.swig\u001b[39m","time":"2017-01-17T05:55:47.854Z","v":0}
{"name":"hexo","hostname":"iMac.local","pid":3190,"level":20,"msg":"Processed: \u001b[35mlayout/_partials/search.swig\u001b[39m","time":"2017-01-17T05:55:47.854Z","v":0}
{"name":"hexo","hostname":"iMac.local","pid":3190,"level":20,"msg":"Processed: \u001b[35mlayout/_partials/header.swig\u001b[39m","time":"2017-01-17T05:55:47.854Z","v":0}
{"name":"hexo","hostname":"iMac.local","pid":3190,"level":20,"msg":"Processed: \u001b[35mlayout/_scripts/baidu-push.swig\u001b[39m","time":"2017-01-17T05:55:47.854Z","v":0}
{"name":"hexo","hostname":"iMac.local","pid":3190,"level":20,"msg":"Processed: \u001b[35mlayout/_scripts/vendors.swig\u001b[39m","time":"2017-01-17T05:55:47.854Z","v":0}
{"name":"hexo","hostname":"iMac.local","pid":3190,"level":20,"msg":"Processed: \u001b[35mlayout/_scripts/boostrap.swig\u001b[39m","time":"2017-01-17T05:55:47.854Z","v":0}
{"name":"hexo","hostname":"iMac.local","pid":3190,"level":20,"msg":"Processed: \u001b[35mlayout/_scripts/commons.swig\u001b[39m","time":"2017-01-17T05:55:47.854Z","v":0}
{"name":"hexo","hostname":"iMac.local","pid":3190,"level":20,"msg":"Processed: \u001b[35msource/js/src/schemes/pisces.js\u001b[39m","time":"2017-01-17T05:55:47.857Z","v":0}
{"name":"hexo","hostname":"iMac.local","pid":3190,"level":20,"msg":"Processed: \u001b[35msource/lib/fastclick/lib/fastclick.js\u001b[39m","time":"2017-01-17T05:55:47.857Z","v":0}
{"name":"hexo","hostname":"iMac.local","pid":3190,"level":20,"msg":"Processed: \u001b[35msource/lib/fastclick/lib/fastclick.min.js\u001b[39m","time":"2017-01-17T05:55:47.858Z","v":0}
{"name":"hexo","hostname":"iMac.local","pid":3190,"level":20,"msg":"Processed: \u001b[35msource/lib/fancybox/source/blank.gif\u001b[39m","time":"2017-01-17T05:55:47.858Z","v":0}
{"name":"hexo","hostname":"iMac.local","pid":3190,"level":20,"msg":"Processed: \u001b[35msource/lib/fancybox/source/fancybox_loading.gif\u001b[39m","time":"2017-01-17T05:55:47.858Z","v":0}
{"name":"hexo","hostname":"iMac.local","pid":3190,"level":20,"msg":"Processed: \u001b[35msource/lib/fancybox/source/fancybox_loading@2x.gif\u001b[39m","time":"2017-01-17T05:55:47.859Z","v":0}
{"name":"hexo","hostname":"iMac.local","pid":3190,"level":20,"msg":"Processed: \u001b[35msource/lib/fancybox/source/fancybox_overlay.png\u001b[39m","time":"2017-01-17T05:55:47.859Z","v":0}
{"name":"hexo","hostname":"iMac.local","pid":3190,"level":20,"msg":"Processed: \u001b[35msource/lib/fancybox/source/fancybox_sprite.png\u001b[39m","time":"2017-01-17T05:55:47.859Z","v":0}
{"name":"hexo","hostname":"iMac.local","pid":3190,"level":20,"msg":"Processed: \u001b[35msource/lib/fancybox/source/jquery.fancybox.js\u001b[39m","time":"2017-01-17T05:55:47.859Z","v":0}
{"name":"hexo","hostname":"iMac.local","pid":3190,"level":20,"msg":"Processed: \u001b[35msource/lib/fancybox/source/jquery.fancybox.pack.js\u001b[39m","time":"2017-01-17T05:55:47.859Z","v":0}
{"name":"hexo","hostname":"iMac.local","pid":3190,"level":20,"msg":"Processed: \u001b[35msource/lib/fancybox/source/fancybox_sprite@2x.png\u001b[39m","time":"2017-01-17T05:55:47.860Z","v":0}
{"name":"hexo","hostname":"iMac.local","pid":3190,"level":20,"msg":"Processed: \u001b[35msource/lib/fancybox/source/jquery.fancybox.css\u001b[39m","time":"2017-01-17T05:55:47.860Z","v":0}
{"name":"hexo","hostname":"iMac.local","pid":3190,"level":20,"msg":"Processed: \u001b[35msource/lib/font-awesome/css/font-awesome.css.map\u001b[39m","time":"2017-01-17T05:55:47.860Z","v":0}
{"name":"hexo","hostname":"iMac.local","pid":3190,"level":20,"msg":"Processed: \u001b[35msource/lib/font-awesome/css/font-awesome.css\u001b[39m","time":"2017-01-17T05:55:47.861Z","v":0}
{"name":"hexo","hostname":"iMac.local","pid":3190,"level":20,"msg":"Processed: \u001b[35msource/lib/font-awesome/css/font-awesome.min.css\u001b[39m","time":"2017-01-17T05:55:47.861Z","v":0}
{"name":"hexo","hostname":"iMac.local","pid":3190,"level":20,"msg":"Processed: \u001b[35msource/lib/ua-parser-js/dist/ua-parser.pack.js\u001b[39m","time":"2017-01-17T05:55:47.861Z","v":0}
{"name":"hexo","hostname":"iMac.local","pid":3190,"level":20,"msg":"Processed: \u001b[35msource/lib/ua-parser-js/dist/ua-parser.min.js\u001b[39m","time":"2017-01-17T05:55:47.861Z","v":0}
{"name":"hexo","hostname":"iMac.local","pid":3190,"level":20,"msg":"Processed: \u001b[35mlayout/_scripts/schemes/mist.swig\u001b[39m","time":"2017-01-17T05:55:47.871Z","v":0}
{"name":"hexo","hostname":"iMac.local","pid":3190,"level":20,"msg":"Processed: \u001b[35mlayout/_scripts/schemes/muse.swig\u001b[39m","time":"2017-01-17T05:55:47.871Z","v":0}
{"name":"hexo","hostname":"iMac.local","pid":3190,"level":20,"msg":"Processed: \u001b[35mlayout/_components/algolia-search/assets.swig\u001b[39m","time":"2017-01-17T05:55:47.871Z","v":0}
{"name":"hexo","hostname":"iMac.local","pid":3190,"level":20,"msg":"Processed: \u001b[35mlayout/_components/algolia-search/dom.swig\u001b[39m","time":"2017-01-17T05:55:47.871Z","v":0}
{"name":"hexo","hostname":"iMac.local","pid":3190,"level":20,"msg":"Processed: \u001b[35mlayout/_partials/head/custom-head.swig\u001b[39m","time":"2017-01-17T05:55:47.871Z","v":0}
{"name":"hexo","hostname":"iMac.local","pid":3190,"level":20,"msg":"Processed: \u001b[35mlayout/_partials/head/external-fonts.swig\u001b[39m","time":"2017-01-17T05:55:47.872Z","v":0}
{"name":"hexo","hostname":"iMac.local","pid":3190,"level":20,"msg":"Processed: \u001b[35mlayout/_partials/search/localsearch.swig\u001b[39m","time":"2017-01-17T05:55:47.872Z","v":0}
{"name":"hexo","hostname":"iMac.local","pid":3190,"level":20,"msg":"Processed: \u001b[35mlayout/_partials/search/swiftype.swig\u001b[39m","time":"2017-01-17T05:55:47.872Z","v":0}
{"name":"hexo","hostname":"iMac.local","pid":3190,"level":20,"msg":"Processed: \u001b[35mlayout/_partials/search/tinysou.swig\u001b[39m","time":"2017-01-17T05:55:47.872Z","v":0}
{"name":"hexo","hostname":"iMac.local","pid":3190,"level":20,"msg":"Processed: \u001b[35mlayout/_partials/share/add-this.swig\u001b[39m","time":"2017-01-17T05:55:47.872Z","v":0}
{"name":"hexo","hostname":"iMac.local","pid":3190,"level":20,"msg":"Processed: \u001b[35mlayout/_partials/share/baidushare.swig\u001b[39m","time":"2017-01-17T05:55:47.872Z","v":0}
{"name":"hexo","hostname":"iMac.local","pid":3190,"level":20,"msg":"Processed: \u001b[35mlayout/_partials/share/jiathis.swig\u001b[39m","time":"2017-01-17T05:55:47.872Z","v":0}
{"name":"hexo","hostname":"iMac.local","pid":3190,"level":20,"msg":"Processed: \u001b[35mlayout/_partials/share/duoshuo_share.swig\u001b[39m","time":"2017-01-17T05:55:47.872Z","v":0}
{"name":"hexo","hostname":"iMac.local","pid":3190,"level":20,"msg":"Processed: \u001b[35mlayout/_scripts/pages/post-details.swig\u001b[39m","time":"2017-01-17T05:55:47.872Z","v":0}
{"name":"hexo","hostname":"iMac.local","pid":3190,"level":20,"msg":"Processed: \u001b[35mlayout/_scripts/schemes/pisces.swig\u001b[39m","time":"2017-01-17T05:55:47.872Z","v":0}
{"name":"hexo","hostname":"iMac.local","pid":3190,"level":20,"msg":"Processed: \u001b[35msource/lib/font-awesome/fonts/fontawesome-webfont.eot\u001b[39m","time":"2017-01-17T05:55:47.874Z","v":0}
{"name":"hexo","hostname":"iMac.local","pid":3190,"level":20,"msg":"Processed: \u001b[35msource/lib/font-awesome/fonts/fontawesome-webfont.woff\u001b[39m","time":"2017-01-17T05:55:47.874Z","v":0}
{"name":"hexo","hostname":"iMac.local","pid":3190,"level":20,"msg":"Processed: \u001b[35msource/lib/font-awesome/fonts/fontawesome-webfont.woff2\u001b[39m","time":"2017-01-17T05:55:47.874Z","v":0}
{"name":"hexo","hostname":"iMac.local","pid":3190,"level":20,"msg":"Processed: \u001b[35msource/lib/font-awesome/fonts/FontAwesome.otf\u001b[39m","time":"2017-01-17T05:55:47.874Z","v":0}
{"name":"hexo","hostname":"iMac.local","pid":3190,"level":20,"msg":"Processed: \u001b[35msource/lib/velocity/velocity.js\u001b[39m","time":"2017-01-17T05:55:47.874Z","v":0}
{"name":"hexo","hostname":"iMac.local","pid":3190,"level":20,"msg":"Processed: \u001b[35mlayout/_scripts/third-party/analytics.swig\u001b[39m","time":"2017-01-17T05:55:47.882Z","v":0}
{"name":"hexo","hostname":"iMac.local","pid":3190,"level":20,"msg":"Processed: \u001b[35mlayout/_scripts/third-party/comments.swig\u001b[39m","time":"2017-01-17T05:55:47.882Z","v":0}
{"name":"hexo","hostname":"iMac.local","pid":3190,"level":20,"msg":"Processed: \u001b[35mlayout/_scripts/third-party/lean-analytics.swig\u001b[39m","time":"2017-01-17T05:55:47.882Z","v":0}
{"name":"hexo","hostname":"iMac.local","pid":3190,"level":20,"msg":"Processed: \u001b[35mlayout/_scripts/third-party/mathjax.swig\u001b[39m","time":"2017-01-17T05:55:47.882Z","v":0}
{"name":"hexo","hostname":"iMac.local","pid":3190,"level":20,"msg":"Processed: \u001b[35mlayout/_scripts/third-party/localsearch.swig\u001b[39m","time":"2017-01-17T05:55:47.882Z","v":0}
{"name":"hexo","hostname":"iMac.local","pid":3190,"level":20,"msg":"Processed: \u001b[35mlayout/_scripts/third-party/schedule.swig\u001b[39m","time":"2017-01-17T05:55:47.882Z","v":0}
{"name":"hexo","hostname":"iMac.local","pid":3190,"level":20,"msg":"Processed: \u001b[35mlayout/_scripts/third-party/tinysou.swig\u001b[39m","time":"2017-01-17T05:55:47.882Z","v":0}
{"name":"hexo","hostname":"iMac.local","pid":3190,"level":20,"msg":"Processed: \u001b[35msource/lib/fancybox/source/helpers/fancybox_buttons.png\u001b[39m","time":"2017-01-17T05:55:47.885Z","v":0}
{"name":"hexo","hostname":"iMac.local","pid":3190,"level":20,"msg":"Processed: \u001b[35msource/lib/fancybox/source/helpers/jquery.fancybox-media.js\u001b[39m","time":"2017-01-17T05:55:47.885Z","v":0}
{"name":"hexo","hostname":"iMac.local","pid":3190,"level":20,"msg":"Processed: \u001b[35msource/lib/fancybox/source/helpers/jquery.fancybox-buttons.js\u001b[39m","time":"2017-01-17T05:55:47.886Z","v":0}
{"name":"hexo","hostname":"iMac.local","pid":3190,"level":20,"msg":"Processed: \u001b[35msource/lib/fancybox/source/helpers/jquery.fancybox-thumbs.js\u001b[39m","time":"2017-01-17T05:55:47.886Z","v":0}
{"name":"hexo","hostname":"iMac.local","pid":3190,"level":20,"msg":"Processed: \u001b[35msource/lib/font-awesome/fonts/fontawesome-webfont.ttf\u001b[39m","time":"2017-01-17T05:55:47.886Z","v":0}
{"name":"hexo","hostname":"iMac.local","pid":3190,"level":20,"msg":"Processed: \u001b[35mlayout/_scripts/third-party/analytics/application-insights.swig\u001b[39m","time":"2017-01-17T05:55:47.890Z","v":0}
{"name":"hexo","hostname":"iMac.local","pid":3190,"level":20,"msg":"Processed: \u001b[35mlayout/_scripts/third-party/analytics/busuanzi-counter.swig\u001b[39m","time":"2017-01-17T05:55:47.890Z","v":0}
{"name":"hexo","hostname":"iMac.local","pid":3190,"level":20,"msg":"Processed: \u001b[35mlayout/_scripts/third-party/analytics/cnzz-analytics.swig\u001b[39m","time":"2017-01-17T05:55:47.890Z","v":0}
{"name":"hexo","hostname":"iMac.local","pid":3190,"level":20,"msg":"Processed: \u001b[35mlayout/_scripts/third-party/analytics/baidu-analytics.swig\u001b[39m","time":"2017-01-17T05:55:47.890Z","v":0}
{"name":"hexo","hostname":"iMac.local","pid":3190,"level":20,"msg":"Processed: \u001b[35mlayout/_scripts/third-party/analytics/facebook-sdk.swig\u001b[39m","time":"2017-01-17T05:55:47.890Z","v":0}
{"name":"hexo","hostname":"iMac.local","pid":3190,"level":20,"msg":"Processed: \u001b[35msource/lib/fancybox/source/helpers/jquery.fancybox-buttons.css\u001b[39m","time":"2017-01-17T05:55:47.891Z","v":0}
{"name":"hexo","hostname":"iMac.local","pid":3190,"level":20,"msg":"Processed: \u001b[35msource/lib/fancybox/source/helpers/jquery.fancybox-thumbs.css\u001b[39m","time":"2017-01-17T05:55:47.891Z","v":0}
{"name":"hexo","hostname":"iMac.local","pid":3190,"level":20,"msg":"Processed: \u001b[35mlayout/_scripts/third-party/analytics/google-analytics.swig\u001b[39m","time":"2017-01-17T05:55:47.898Z","v":0}
{"name":"hexo","hostname":"iMac.local","pid":3190,"level":20,"msg":"Processed: \u001b[35mlayout/_scripts/third-party/analytics/tencent-analytics.swig\u001b[39m","time":"2017-01-17T05:55:47.898Z","v":0}
{"name":"hexo","hostname":"iMac.local","pid":3190,"level":20,"msg":"Processed: \u001b[35mlayout/_scripts/third-party/comments/disqus.swig\u001b[39m","time":"2017-01-17T05:55:47.898Z","v":0}
{"name":"hexo","hostname":"iMac.local","pid":3190,"level":20,"msg":"Processed: \u001b[35mlayout/_scripts/third-party/comments/duoshuo.swig\u001b[39m","time":"2017-01-17T05:55:47.898Z","v":0}
{"name":"hexo","hostname":"iMac.local","pid":3190,"level":20,"msg":"Processed: \u001b[35mlayout/_scripts/third-party/comments/gentie.swig\u001b[39m","time":"2017-01-17T05:55:47.898Z","v":0}
{"name":"hexo","hostname":"iMac.local","pid":3190,"level":20,"msg":"Processed: \u001b[35mlayout/_scripts/third-party/comments/hypercomments.swig\u001b[39m","time":"2017-01-17T05:55:47.898Z","v":0}
{"name":"hexo","hostname":"iMac.local","pid":3190,"level":20,"msg":"Processed: \u001b[35mlayout/_scripts/third-party/comments/youyan.swig\u001b[39m","time":"2017-01-17T05:55:47.898Z","v":0}
{"name":"hexo","hostname":"iMac.local","pid":3190,"level":20,"msg":"Processed: \u001b[35msource/lib/algolia-instant-search/instantsearch.min.js\u001b[39m","time":"2017-01-17T05:55:47.899Z","v":0}
{"name":"hexo","hostname":"iMac.local","pid":3190,"level":20,"msg":"Processed: \u001b[35msource/lib/font-awesome/fonts/fontawesome-webfont.svg\u001b[39m","time":"2017-01-17T05:55:47.899Z","v":0}
{"name":"hexo","hostname":"iMac.local","pid":3190,"level":20,"msg":"Generator: \u001b[35mpage\u001b[39m","time":"2017-01-17T05:55:48.834Z","v":0}
{"name":"hexo","hostname":"iMac.local","pid":3190,"level":20,"msg":"Generator: \u001b[35mpost\u001b[39m","time":"2017-01-17T05:55:48.835Z","v":0}
{"name":"hexo","hostname":"iMac.local","pid":3190,"level":20,"msg":"Generator: \u001b[35marchive\u001b[39m","time":"2017-01-17T05:55:48.835Z","v":0}
{"name":"hexo","hostname":"iMac.local","pid":3190,"level":20,"msg":"Generator: \u001b[35mcategory\u001b[39m","time":"2017-01-17T05:55:48.835Z","v":0}
{"name":"hexo","hostname":"iMac.local","pid":3190,"level":20,"msg":"Generator: \u001b[35mindex\u001b[39m","time":"2017-01-17T05:55:48.835Z","v":0}
{"name":"hexo","hostname":"iMac.local","pid":3190,"level":20,"msg":"Generator: \u001b[35mtag\u001b[39m","time":"2017-01-17T05:55:48.835Z","v":0}
{"name":"hexo","hostname":"iMac.local","pid":3190,"level":20,"msg":"Generator: \u001b[35masset\u001b[39m","time":"2017-01-17T05:55:48.837Z","v":0}
{"name":"hexo","hostname":"iMac.local","pid":3190,"level":30,"msg":"Hexo is running at \u001b[4mhttp://localhost:4000/\u001b[24m. Press Ctrl+C to stop.","time":"2017-01-17T05:55:48.842Z","v":0}
{"name":"hexo","hostname":"iMac.local","pid":3190,"level":20,"msg":"Database saved","time":"2017-01-17T05:55:48.853Z","v":0}
{"name":"hexo","hostname":"iMac.local","pid":3190,"level":20,"msg":"Rendering index: \u001b[35mindex.html\u001b[39m","time":"2017-01-17T05:55:57.949Z","v":0}
{"name":"hexo","hostname":"iMac.local","pid":3190,"level":30,"msg":"Catch you later","time":"2017-01-17T05:58:01.649Z","v":0}
{"name":"hexo","hostname":"iMac.local","pid":3190,"level":20,"msg":"Database saved","time":"2017-01-17T05:58:01.668Z","v":0}
{"name":"hexo","hostname":"iMac.local","pid":1474,"level":20,"msg":"Hexo version: \u001b[35m3.2.2\u001b[39m","time":"2017-01-21T01:51:49.294Z","v":0}
{"name":"hexo","hostname":"iMac.local","pid":1474,"level":20,"msg":"Working directory: \u001b[35m~/Blog/\u001b[39m","time":"2017-01-21T01:51:49.296Z","v":0}
{"name":"hexo","hostname":"iMac.local","pid":1474,"level":20,"msg":"Config loaded: \u001b[35m~/Blog/_config.yml\u001b[39m","time":"2017-01-21T01:51:49.357Z","v":0}
{"name":"hexo","hostname":"iMac.local","pid":1474,"level":20,"msg":"Plugin loaded: \u001b[35mhexo-deployer-git\u001b[39m","time":"2017-01-21T01:51:49.369Z","v":0}
{"name":"hexo","hostname":"iMac.local","pid":1474,"level":20,"msg":"Plugin loaded: \u001b[35mhexo-generator-archive\u001b[39m","time":"2017-01-21T01:51:49.371Z","v":0}
{"name":"hexo","hostname":"iMac.local","pid":1474,"level":20,"msg":"Plugin loaded: \u001b[35mhexo-generator-category\u001b[39m","time":"2017-01-21T01:51:49.372Z","v":0}
{"name":"hexo","hostname":"iMac.local","pid":1474,"level":20,"msg":"Plugin loaded: \u001b[35mhexo-generator-index\u001b[39m","time":"2017-01-21T01:51:49.373Z","v":0}
{"name":"hexo","hostname":"iMac.local","pid":1474,"level":20,"msg":"Plugin loaded: \u001b[35mhexo-generator-tag\u001b[39m","time":"2017-01-21T01:51:49.373Z","v":0}
{"name":"hexo","hostname":"iMac.local","pid":1474,"level":20,"msg":"Plugin loaded: \u001b[35mhexo-renderer-ejs\u001b[39m","time":"2017-01-21T01:51:49.375Z","v":0}
{"name":"hexo","hostname":"iMac.local","pid":1474,"level":20,"msg":"Plugin loaded: \u001b[35mhexo-renderer-marked\u001b[39m","time":"2017-01-21T01:51:49.379Z","v":0}
{"name":"hexo","hostname":"iMac.local","pid":1474,"level":20,"msg":"Plugin loaded: \u001b[35mhexo-renderer-stylus\u001b[39m","time":"2017-01-21T01:51:49.379Z","v":0}
{"name":"hexo","hostname":"iMac.local","pid":1474,"level":20,"msg":"Plugin loaded: \u001b[35mhexo-server\u001b[39m","time":"2017-01-21T01:51:49.418Z","v":0}
{"name":"hexo","hostname":"iMac.local","pid":1474,"level":20,"msg":"Script loaded: \u001b[35mthemes/next/scripts/merge-configs.js\u001b[39m","time":"2017-01-21T01:51:49.419Z","v":0}
{"name":"hexo","hostname":"iMac.local","pid":1474,"level":20,"msg":"Script loaded: \u001b[35mthemes/next/scripts/tags/button.js\u001b[39m","time":"2017-01-21T01:51:49.419Z","v":0}
{"name":"hexo","hostname":"iMac.local","pid":1474,"level":20,"msg":"Script loaded: \u001b[35mthemes/next/scripts/tags/center-quote.js\u001b[39m","time":"2017-01-21T01:51:49.419Z","v":0}
{"name":"hexo","hostname":"iMac.local","pid":1474,"level":20,"msg":"Script loaded: \u001b[35mthemes/next/scripts/tags/full-image.js\u001b[39m","time":"2017-01-21T01:51:49.419Z","v":0}
{"name":"hexo","hostname":"iMac.local","pid":1474,"level":20,"msg":"Script loaded: \u001b[35mthemes/next/scripts/tags/group-pictures.js\u001b[39m","time":"2017-01-21T01:51:49.420Z","v":0}
{"name":"hexo","hostname":"iMac.local","pid":1474,"level":20,"msg":"Script loaded: \u001b[35mthemes/next/scripts/tags/note.js\u001b[39m","time":"2017-01-21T01:51:49.420Z","v":0}
{"name":"hexo","hostname":"iMac.local","pid":1474,"level":20,"msg":"Loading database.","time":"2017-01-21T01:51:49.427Z","v":0}
{"name":"hexo","hostname":"iMac.local","pid":1474,"level":30,"msg":"Start processing","time":"2017-01-21T01:51:49.508Z","v":0}
{"name":"hexo","hostname":"iMac.local","pid":1474,"level":20,"msg":"Processed: \u001b[35m_posts/Swift的lazy关键字–延迟加载.md\u001b[39m","time":"2017-01-21T01:51:49.569Z","v":0}
{"name":"hexo","hostname":"iMac.local","pid":1474,"level":20,"msg":"Theme config loaded.","time":"2017-01-21T01:51:49.763Z","v":0}
{"name":"hexo","hostname":"iMac.local","pid":1474,"level":20,"msg":"Processed: \u001b[35m_config.yml\u001b[39m","time":"2017-01-21T01:51:49.765Z","v":0}
{"name":"hexo","hostname":"iMac.local","pid":1474,"level":20,"msg":"Processed: \u001b[35msource/css/main.styl\u001b[39m","time":"2017-01-21T01:51:49.784Z","v":0}
{"name":"hexo","hostname":"iMac.local","pid":1474,"level":20,"msg":"Processed: \u001b[35msource/images/algolia_logo.svg\u001b[39m","time":"2017-01-21T01:51:49.785Z","v":0}
{"name":"hexo","hostname":"iMac.local","pid":1474,"level":20,"msg":"Processed: \u001b[35msource/images/avatar.gif\u001b[39m","time":"2017-01-21T01:51:49.785Z","v":0}
{"name":"hexo","hostname":"iMac.local","pid":1474,"level":20,"msg":"Processed: \u001b[35msource/images/cc-by-nc-nd.svg\u001b[39m","time":"2017-01-21T01:51:49.785Z","v":0}
{"name":"hexo","hostname":"iMac.local","pid":1474,"level":20,"msg":"Processed: \u001b[35msource/images/cc-by-nc-sa.svg\u001b[39m","time":"2017-01-21T01:51:49.785Z","v":0}
{"name":"hexo","hostname":"iMac.local","pid":1474,"level":20,"msg":"Processed: \u001b[35msource/images/cc-by-nc.svg\u001b[39m","time":"2017-01-21T01:51:49.786Z","v":0}
{"name":"hexo","hostname":"iMac.local","pid":1474,"level":20,"msg":"Processed: \u001b[35msource/images/cc-by-nd.svg\u001b[39m","time":"2017-01-21T01:51:49.786Z","v":0}
{"name":"hexo","hostname":"iMac.local","pid":1474,"level":20,"msg":"Processed: \u001b[35msource/images/cc-by-sa.svg\u001b[39m","time":"2017-01-21T01:51:49.786Z","v":0}
{"name":"hexo","hostname":"iMac.local","pid":1474,"level":20,"msg":"Processed: \u001b[35msource/images/cc-by.svg\u001b[39m","time":"2017-01-21T01:51:49.786Z","v":0}
{"name":"hexo","hostname":"iMac.local","pid":1474,"level":20,"msg":"Processed: \u001b[35msource/images/cc-zero.svg\u001b[39m","time":"2017-01-21T01:51:49.787Z","v":0}
{"name":"hexo","hostname":"iMac.local","pid":1474,"level":20,"msg":"Processed: \u001b[35msource/images/loading.gif\u001b[39m","time":"2017-01-21T01:51:49.787Z","v":0}
{"name":"hexo","hostname":"iMac.local","pid":1474,"level":20,"msg":"Processed: \u001b[35msource/images/placeholder.gif\u001b[39m","time":"2017-01-21T01:51:49.788Z","v":0}
{"name":"hexo","hostname":"iMac.local","pid":1474,"level":20,"msg":"Processed: \u001b[35msource/images/quote-l.svg\u001b[39m","time":"2017-01-21T01:51:49.788Z","v":0}
{"name":"hexo","hostname":"iMac.local","pid":1474,"level":20,"msg":"Processed: \u001b[35msource/images/quote-r.svg\u001b[39m","time":"2017-01-21T01:51:49.788Z","v":0}
{"name":"hexo","hostname":"iMac.local","pid":1474,"level":20,"msg":"Processed: \u001b[35msource/images/searchicon.png\u001b[39m","time":"2017-01-21T01:51:49.789Z","v":0}
{"name":"hexo","hostname":"iMac.local","pid":1474,"level":20,"msg":"Processed: \u001b[35mlayout/.DS_Store\u001b[39m","time":"2017-01-21T01:51:49.953Z","v":0}
{"name":"hexo","hostname":"iMac.local","pid":1474,"level":20,"msg":"Processed: \u001b[35mlayout/_layout.swig\u001b[39m","time":"2017-01-21T01:51:49.953Z","v":0}
{"name":"hexo","hostname":"iMac.local","pid":1474,"level":20,"msg":"Processed: \u001b[35mlayout/archive.swig\u001b[39m","time":"2017-01-21T01:51:49.953Z","v":0}
{"name":"hexo","hostname":"iMac.local","pid":1474,"level":20,"msg":"Processed: \u001b[35mlayout/category.swig\u001b[39m","time":"2017-01-21T01:51:49.953Z","v":0}
{"name":"hexo","hostname":"iMac.local","pid":1474,"level":20,"msg":"Processed: \u001b[35mlayout/index.swig\u001b[39m","time":"2017-01-21T01:51:49.953Z","v":0}
{"name":"hexo","hostname":"iMac.local","pid":1474,"level":20,"msg":"Processed: \u001b[35mlayout/page.swig\u001b[39m","time":"2017-01-21T01:51:49.953Z","v":0}
{"name":"hexo","hostname":"iMac.local","pid":1474,"level":20,"msg":"Processed: \u001b[35mlayout/post.swig\u001b[39m","time":"2017-01-21T01:51:49.953Z","v":0}
{"name":"hexo","hostname":"iMac.local","pid":1474,"level":20,"msg":"Processed: \u001b[35mlayout/schedule.swig\u001b[39m","time":"2017-01-21T01:51:49.954Z","v":0}
{"name":"hexo","hostname":"iMac.local","pid":1474,"level":20,"msg":"Processed: \u001b[35mlayout/tag.swig\u001b[39m","time":"2017-01-21T01:51:49.954Z","v":0}
{"name":"hexo","hostname":"iMac.local","pid":1474,"level":20,"msg":"Processed: \u001b[35mlanguages/de.yml\u001b[39m","time":"2017-01-21T01:51:49.959Z","v":0}
{"name":"hexo","hostname":"iMac.local","pid":1474,"level":20,"msg":"Processed: \u001b[35mlanguages/en.yml\u001b[39m","time":"2017-01-21T01:51:49.960Z","v":0}
{"name":"hexo","hostname":"iMac.local","pid":1474,"level":20,"msg":"Processed: \u001b[35mlanguages/default.yml\u001b[39m","time":"2017-01-21T01:51:49.960Z","v":0}
{"name":"hexo","hostname":"iMac.local","pid":1474,"level":20,"msg":"Processed: \u001b[35mlanguages/fr-FR.yml\u001b[39m","time":"2017-01-21T01:51:49.960Z","v":0}
{"name":"hexo","hostname":"iMac.local","pid":1474,"level":20,"msg":"Processed: \u001b[35mlanguages/id.yml\u001b[39m","time":"2017-01-21T01:51:49.960Z","v":0}
{"name":"hexo","hostname":"iMac.local","pid":1474,"level":20,"msg":"Processed: \u001b[35mlanguages/ja.yml\u001b[39m","time":"2017-01-21T01:51:49.960Z","v":0}
{"name":"hexo","hostname":"iMac.local","pid":1474,"level":20,"msg":"Processed: \u001b[35mlanguages/ko.yml\u001b[39m","time":"2017-01-21T01:51:49.960Z","v":0}
{"name":"hexo","hostname":"iMac.local","pid":1474,"level":20,"msg":"Processed: \u001b[35mlanguages/pt.yml\u001b[39m","time":"2017-01-21T01:51:49.960Z","v":0}
{"name":"hexo","hostname":"iMac.local","pid":1474,"level":20,"msg":"Processed: \u001b[35mlanguages/pt-BR.yml\u001b[39m","time":"2017-01-21T01:51:49.960Z","v":0}
{"name":"hexo","hostname":"iMac.local","pid":1474,"level":20,"msg":"Processed: \u001b[35mlanguages/ru.yml\u001b[39m","time":"2017-01-21T01:51:49.960Z","v":0}
{"name":"hexo","hostname":"iMac.local","pid":1474,"level":20,"msg":"Processed: \u001b[35mlanguages/zh-Hans.yml\u001b[39m","time":"2017-01-21T01:51:49.960Z","v":0}
{"name":"hexo","hostname":"iMac.local","pid":1474,"level":20,"msg":"Processed: \u001b[35mlanguages/zh-hk.yml\u001b[39m","time":"2017-01-21T01:51:49.960Z","v":0}
{"name":"hexo","hostname":"iMac.local","pid":1474,"level":20,"msg":"Processed: \u001b[35mlanguages/zh-tw.yml\u001b[39m","time":"2017-01-21T01:51:49.961Z","v":0}
{"name":"hexo","hostname":"iMac.local","pid":1474,"level":20,"msg":"Processed: \u001b[35msource/js/src/affix.js\u001b[39m","time":"2017-01-21T01:51:49.978Z","v":0}
{"name":"hexo","hostname":"iMac.local","pid":1474,"level":20,"msg":"Processed: \u001b[35msource/js/src/algolia-search.js\u001b[39m","time":"2017-01-21T01:51:49.978Z","v":0}
{"name":"hexo","hostname":"iMac.local","pid":1474,"level":20,"msg":"Processed: \u001b[35msource/js/src/bootstrap.js\u001b[39m","time":"2017-01-21T01:51:49.979Z","v":0}
{"name":"hexo","hostname":"iMac.local","pid":1474,"level":20,"msg":"Processed: \u001b[35msource/js/src/hook-duoshuo.js\u001b[39m","time":"2017-01-21T01:51:49.979Z","v":0}
{"name":"hexo","hostname":"iMac.local","pid":1474,"level":20,"msg":"Processed: \u001b[35msource/js/src/motion.js\u001b[39m","time":"2017-01-21T01:51:49.979Z","v":0}
{"name":"hexo","hostname":"iMac.local","pid":1474,"level":20,"msg":"Processed: \u001b[35msource/js/src/post-details.js\u001b[39m","time":"2017-01-21T01:51:49.979Z","v":0}
{"name":"hexo","hostname":"iMac.local","pid":1474,"level":20,"msg":"Processed: \u001b[35msource/js/src/scrollspy.js\u001b[39m","time":"2017-01-21T01:51:49.980Z","v":0}
{"name":"hexo","hostname":"iMac.local","pid":1474,"level":20,"msg":"Processed: \u001b[35msource/js/src/utils.js\u001b[39m","time":"2017-01-21T01:51:49.980Z","v":0}
{"name":"hexo","hostname":"iMac.local","pid":1474,"level":20,"msg":"Processed: \u001b[35msource/lib/canvas-nest/canvas-nest.min.js\u001b[39m","time":"2017-01-21T01:51:49.980Z","v":0}
{"name":"hexo","hostname":"iMac.local","pid":1474,"level":20,"msg":"Processed: \u001b[35msource/lib/algolia-instant-search/instantsearch.min.css\u001b[39m","time":"2017-01-21T01:51:49.981Z","v":0}
{"name":"hexo","hostname":"iMac.local","pid":1474,"level":20,"msg":"Processed: \u001b[35msource/lib/fastclick/LICENSE\u001b[39m","time":"2017-01-21T01:51:49.981Z","v":0}
{"name":"hexo","hostname":"iMac.local","pid":1474,"level":20,"msg":"Processed: \u001b[35msource/lib/fastclick/README.md\u001b[39m","time":"2017-01-21T01:51:49.982Z","v":0}
{"name":"hexo","hostname":"iMac.local","pid":1474,"level":20,"msg":"Processed: \u001b[35msource/lib/fastclick/bower.json\u001b[39m","time":"2017-01-21T01:51:49.982Z","v":0}
{"name":"hexo","hostname":"iMac.local","pid":1474,"level":20,"msg":"Processed: \u001b[35msource/lib/font-awesome/HELP-US-OUT.txt\u001b[39m","time":"2017-01-21T01:51:49.982Z","v":0}
{"name":"hexo","hostname":"iMac.local","pid":1474,"level":20,"msg":"Processed: \u001b[35msource/lib/font-awesome/bower.json\u001b[39m","time":"2017-01-21T01:51:49.982Z","v":0}
{"name":"hexo","hostname":"iMac.local","pid":1474,"level":20,"msg":"Processed: \u001b[35msource/lib/jquery_lazyload/CONTRIBUTING.md\u001b[39m","time":"2017-01-21T01:51:49.982Z","v":0}
{"name":"hexo","hostname":"iMac.local","pid":1474,"level":20,"msg":"Processed: \u001b[35msource/lib/jquery_lazyload/README.md\u001b[39m","time":"2017-01-21T01:51:49.983Z","v":0}
{"name":"hexo","hostname":"iMac.local","pid":1474,"level":20,"msg":"Processed: \u001b[35msource/lib/jquery_lazyload/bower.json\u001b[39m","time":"2017-01-21T01:51:49.983Z","v":0}
{"name":"hexo","hostname":"iMac.local","pid":1474,"level":20,"msg":"Processed: \u001b[35msource/lib/jquery_lazyload/jquery.lazyload.js\u001b[39m","time":"2017-01-21T01:51:49.983Z","v":0}
{"name":"hexo","hostname":"iMac.local","pid":1474,"level":20,"msg":"Processed: \u001b[35msource/lib/jquery_lazyload/jquery.scrollstop.js\u001b[39m","time":"2017-01-21T01:51:49.983Z","v":0}
{"name":"hexo","hostname":"iMac.local","pid":1474,"level":20,"msg":"Processed: \u001b[35msource/lib/velocity/bower.json\u001b[39m","time":"2017-01-21T01:51:49.983Z","v":0}
{"name":"hexo","hostname":"iMac.local","pid":1474,"level":20,"msg":"Processed: \u001b[35msource/lib/velocity/velocity.min.js\u001b[39m","time":"2017-01-21T01:51:49.984Z","v":0}
{"name":"hexo","hostname":"iMac.local","pid":1474,"level":20,"msg":"Processed: \u001b[35msource/lib/velocity/velocity.ui.js\u001b[39m","time":"2017-01-21T01:51:49.984Z","v":0}
{"name":"hexo","hostname":"iMac.local","pid":1474,"level":20,"msg":"Processed: \u001b[35msource/lib/velocity/velocity.ui.min.js\u001b[39m","time":"2017-01-21T01:51:49.984Z","v":0}
{"name":"hexo","hostname":"iMac.local","pid":1474,"level":20,"msg":"Processed: \u001b[35mlayout/_custom/header.swig\u001b[39m","time":"2017-01-21T01:51:50.050Z","v":0}
{"name":"hexo","hostname":"iMac.local","pid":1474,"level":20,"msg":"Processed: \u001b[35mlayout/_custom/sidebar.swig\u001b[39m","time":"2017-01-21T01:51:50.051Z","v":0}
{"name":"hexo","hostname":"iMac.local","pid":1474,"level":20,"msg":"Processed: \u001b[35mlayout/_macro/post-collapse.swig\u001b[39m","time":"2017-01-21T01:51:50.051Z","v":0}
{"name":"hexo","hostname":"iMac.local","pid":1474,"level":20,"msg":"Processed: \u001b[35mlayout/_macro/reward.swig\u001b[39m","time":"2017-01-21T01:51:50.051Z","v":0}
{"name":"hexo","hostname":"iMac.local","pid":1474,"level":20,"msg":"Processed: \u001b[35mlayout/_macro/post.swig\u001b[39m","time":"2017-01-21T01:51:50.051Z","v":0}
{"name":"hexo","hostname":"iMac.local","pid":1474,"level":20,"msg":"Processed: \u001b[35mlayout/_macro/sidebar.swig\u001b[39m","time":"2017-01-21T01:51:50.051Z","v":0}
{"name":"hexo","hostname":"iMac.local","pid":1474,"level":20,"msg":"Processed: \u001b[35mlayout/_macro/wechat-subscriber.swig\u001b[39m","time":"2017-01-21T01:51:50.051Z","v":0}
{"name":"hexo","hostname":"iMac.local","pid":1474,"level":20,"msg":"Processed: \u001b[35mlayout/_partials/comments.swig\u001b[39m","time":"2017-01-21T01:51:50.051Z","v":0}
{"name":"hexo","hostname":"iMac.local","pid":1474,"level":20,"msg":"Processed: \u001b[35mlayout/_partials/duoshuo-hot-articles.swig\u001b[39m","time":"2017-01-21T01:51:50.051Z","v":0}
{"name":"hexo","hostname":"iMac.local","pid":1474,"level":20,"msg":"Processed: \u001b[35mlayout/_partials/footer.swig\u001b[39m","time":"2017-01-21T01:51:50.051Z","v":0}
{"name":"hexo","hostname":"iMac.local","pid":1474,"level":20,"msg":"Processed: \u001b[35mlayout/_partials/head.swig\u001b[39m","time":"2017-01-21T01:51:50.053Z","v":0}
{"name":"hexo","hostname":"iMac.local","pid":1474,"level":20,"msg":"Processed: \u001b[35mlayout/_partials/header.swig\u001b[39m","time":"2017-01-21T01:51:50.053Z","v":0}
{"name":"hexo","hostname":"iMac.local","pid":1474,"level":20,"msg":"Processed: \u001b[35mlayout/_partials/page-header.swig\u001b[39m","time":"2017-01-21T01:51:50.053Z","v":0}
{"name":"hexo","hostname":"iMac.local","pid":1474,"level":20,"msg":"Processed: \u001b[35mlayout/_partials/pagination.swig\u001b[39m","time":"2017-01-21T01:51:50.053Z","v":0}
{"name":"hexo","hostname":"iMac.local","pid":1474,"level":20,"msg":"Processed: \u001b[35mlayout/_partials/search.swig\u001b[39m","time":"2017-01-21T01:51:50.053Z","v":0}
{"name":"hexo","hostname":"iMac.local","pid":1474,"level":20,"msg":"Processed: \u001b[35mlayout/_scripts/baidu-push.swig\u001b[39m","time":"2017-01-21T01:51:50.053Z","v":0}
{"name":"hexo","hostname":"iMac.local","pid":1474,"level":20,"msg":"Processed: \u001b[35mlayout/_scripts/boostrap.swig\u001b[39m","time":"2017-01-21T01:51:50.053Z","v":0}
{"name":"hexo","hostname":"iMac.local","pid":1474,"level":20,"msg":"Processed: \u001b[35mlayout/_scripts/commons.swig\u001b[39m","time":"2017-01-21T01:51:50.053Z","v":0}
{"name":"hexo","hostname":"iMac.local","pid":1474,"level":20,"msg":"Processed: \u001b[35mlayout/_scripts/vendors.swig\u001b[39m","time":"2017-01-21T01:51:50.053Z","v":0}
{"name":"hexo","hostname":"iMac.local","pid":1474,"level":20,"msg":"Processed: \u001b[35msource/lib/jquery/index.js\u001b[39m","time":"2017-01-21T01:51:50.055Z","v":0}
{"name":"hexo","hostname":"iMac.local","pid":1474,"level":20,"msg":"Processed: \u001b[35mlayout/_scripts/schemes/mist.swig\u001b[39m","time":"2017-01-21T01:51:50.060Z","v":0}
{"name":"hexo","hostname":"iMac.local","pid":1474,"level":20,"msg":"Processed: \u001b[35mlayout/_scripts/schemes/muse.swig\u001b[39m","time":"2017-01-21T01:51:50.060Z","v":0}
{"name":"hexo","hostname":"iMac.local","pid":1474,"level":20,"msg":"Processed: \u001b[35msource/js/src/schemes/pisces.js\u001b[39m","time":"2017-01-21T01:51:50.063Z","v":0}
{"name":"hexo","hostname":"iMac.local","pid":1474,"level":20,"msg":"Processed: \u001b[35msource/lib/fancybox/source/blank.gif\u001b[39m","time":"2017-01-21T01:51:50.064Z","v":0}
{"name":"hexo","hostname":"iMac.local","pid":1474,"level":20,"msg":"Processed: \u001b[35msource/lib/fancybox/source/fancybox_loading.gif\u001b[39m","time":"2017-01-21T01:51:50.064Z","v":0}
{"name":"hexo","hostname":"iMac.local","pid":1474,"level":20,"msg":"Processed: \u001b[35msource/lib/fancybox/source/fancybox_loading@2x.gif\u001b[39m","time":"2017-01-21T01:51:50.064Z","v":0}
{"name":"hexo","hostname":"iMac.local","pid":1474,"level":20,"msg":"Processed: \u001b[35msource/lib/fancybox/source/fancybox_overlay.png\u001b[39m","time":"2017-01-21T01:51:50.064Z","v":0}
{"name":"hexo","hostname":"iMac.local","pid":1474,"level":20,"msg":"Processed: \u001b[35msource/lib/fancybox/source/fancybox_sprite.png\u001b[39m","time":"2017-01-21T01:51:50.064Z","v":0}
{"name":"hexo","hostname":"iMac.local","pid":1474,"level":20,"msg":"Processed: \u001b[35msource/lib/fancybox/source/fancybox_sprite@2x.png\u001b[39m","time":"2017-01-21T01:51:50.065Z","v":0}
{"name":"hexo","hostname":"iMac.local","pid":1474,"level":20,"msg":"Processed: \u001b[35msource/lib/fancybox/source/jquery.fancybox.css\u001b[39m","time":"2017-01-21T01:51:50.065Z","v":0}
{"name":"hexo","hostname":"iMac.local","pid":1474,"level":20,"msg":"Processed: \u001b[35msource/lib/fancybox/source/jquery.fancybox.js\u001b[39m","time":"2017-01-21T01:51:50.065Z","v":0}
{"name":"hexo","hostname":"iMac.local","pid":1474,"level":20,"msg":"Processed: \u001b[35msource/lib/fancybox/source/jquery.fancybox.pack.js\u001b[39m","time":"2017-01-21T01:51:50.065Z","v":0}
{"name":"hexo","hostname":"iMac.local","pid":1474,"level":20,"msg":"Processed: \u001b[35msource/lib/fastclick/lib/fastclick.min.js\u001b[39m","time":"2017-01-21T01:51:50.065Z","v":0}
{"name":"hexo","hostname":"iMac.local","pid":1474,"level":20,"msg":"Processed: \u001b[35msource/lib/fastclick/lib/fastclick.js\u001b[39m","time":"2017-01-21T01:51:50.065Z","v":0}
{"name":"hexo","hostname":"iMac.local","pid":1474,"level":20,"msg":"Processed: \u001b[35msource/lib/font-awesome/css/font-awesome.css\u001b[39m","time":"2017-01-21T01:51:50.066Z","v":0}
{"name":"hexo","hostname":"iMac.local","pid":1474,"level":20,"msg":"Processed: \u001b[35msource/lib/font-awesome/css/font-awesome.css.map\u001b[39m","time":"2017-01-21T01:51:50.066Z","v":0}
{"name":"hexo","hostname":"iMac.local","pid":1474,"level":20,"msg":"Processed: \u001b[35msource/lib/font-awesome/css/font-awesome.min.css\u001b[39m","time":"2017-01-21T01:51:50.066Z","v":0}
{"name":"hexo","hostname":"iMac.local","pid":1474,"level":20,"msg":"Processed: \u001b[35msource/lib/ua-parser-js/dist/ua-parser.pack.js\u001b[39m","time":"2017-01-21T01:51:50.066Z","v":0}
{"name":"hexo","hostname":"iMac.local","pid":1474,"level":20,"msg":"Processed: \u001b[35msource/lib/ua-parser-js/dist/ua-parser.min.js\u001b[39m","time":"2017-01-21T01:51:50.066Z","v":0}
{"name":"hexo","hostname":"iMac.local","pid":1474,"level":20,"msg":"Processed: \u001b[35mlayout/_components/algolia-search/dom.swig\u001b[39m","time":"2017-01-21T01:51:50.079Z","v":0}
{"name":"hexo","hostname":"iMac.local","pid":1474,"level":20,"msg":"Processed: \u001b[35mlayout/_components/algolia-search/assets.swig\u001b[39m","time":"2017-01-21T01:51:50.079Z","v":0}
{"name":"hexo","hostname":"iMac.local","pid":1474,"level":20,"msg":"Processed: \u001b[35mlayout/_partials/head/custom-head.swig\u001b[39m","time":"2017-01-21T01:51:50.079Z","v":0}
{"name":"hexo","hostname":"iMac.local","pid":1474,"level":20,"msg":"Processed: \u001b[35mlayout/_partials/head/external-fonts.swig\u001b[39m","time":"2017-01-21T01:51:50.079Z","v":0}
{"name":"hexo","hostname":"iMac.local","pid":1474,"level":20,"msg":"Processed: \u001b[35mlayout/_partials/search/localsearch.swig\u001b[39m","time":"2017-01-21T01:51:50.079Z","v":0}
{"name":"hexo","hostname":"iMac.local","pid":1474,"level":20,"msg":"Processed: \u001b[35mlayout/_partials/search/swiftype.swig\u001b[39m","time":"2017-01-21T01:51:50.079Z","v":0}
{"name":"hexo","hostname":"iMac.local","pid":1474,"level":20,"msg":"Processed: \u001b[35mlayout/_partials/share/add-this.swig\u001b[39m","time":"2017-01-21T01:51:50.079Z","v":0}
{"name":"hexo","hostname":"iMac.local","pid":1474,"level":20,"msg":"Processed: \u001b[35mlayout/_partials/search/tinysou.swig\u001b[39m","time":"2017-01-21T01:51:50.079Z","v":0}
{"name":"hexo","hostname":"iMac.local","pid":1474,"level":20,"msg":"Processed: \u001b[35mlayout/_partials/share/baidushare.swig\u001b[39m","time":"2017-01-21T01:51:50.079Z","v":0}
{"name":"hexo","hostname":"iMac.local","pid":1474,"level":20,"msg":"Processed: \u001b[35mlayout/_partials/share/duoshuo_share.swig\u001b[39m","time":"2017-01-21T01:51:50.080Z","v":0}
{"name":"hexo","hostname":"iMac.local","pid":1474,"level":20,"msg":"Processed: \u001b[35mlayout/_partials/share/jiathis.swig\u001b[39m","time":"2017-01-21T01:51:50.080Z","v":0}
{"name":"hexo","hostname":"iMac.local","pid":1474,"level":20,"msg":"Processed: \u001b[35mlayout/_scripts/pages/post-details.swig\u001b[39m","time":"2017-01-21T01:51:50.080Z","v":0}
{"name":"hexo","hostname":"iMac.local","pid":1474,"level":20,"msg":"Processed: \u001b[35mlayout/_scripts/schemes/pisces.swig\u001b[39m","time":"2017-01-21T01:51:50.080Z","v":0}
{"name":"hexo","hostname":"iMac.local","pid":1474,"level":20,"msg":"Processed: \u001b[35mlayout/_scripts/third-party/analytics.swig\u001b[39m","time":"2017-01-21T01:51:50.080Z","v":0}
{"name":"hexo","hostname":"iMac.local","pid":1474,"level":20,"msg":"Processed: \u001b[35mlayout/_scripts/third-party/comments.swig\u001b[39m","time":"2017-01-21T01:51:50.080Z","v":0}
{"name":"hexo","hostname":"iMac.local","pid":1474,"level":20,"msg":"Processed: \u001b[35mlayout/_scripts/third-party/lean-analytics.swig\u001b[39m","time":"2017-01-21T01:51:50.080Z","v":0}
{"name":"hexo","hostname":"iMac.local","pid":1474,"level":20,"msg":"Processed: \u001b[35mlayout/_scripts/third-party/localsearch.swig\u001b[39m","time":"2017-01-21T01:51:50.080Z","v":0}
{"name":"hexo","hostname":"iMac.local","pid":1474,"level":20,"msg":"Processed: \u001b[35mlayout/_scripts/third-party/mathjax.swig\u001b[39m","time":"2017-01-21T01:51:50.080Z","v":0}
{"name":"hexo","hostname":"iMac.local","pid":1474,"level":20,"msg":"Processed: \u001b[35mlayout/_scripts/third-party/tinysou.swig\u001b[39m","time":"2017-01-21T01:51:50.080Z","v":0}
{"name":"hexo","hostname":"iMac.local","pid":1474,"level":20,"msg":"Processed: \u001b[35mlayout/_scripts/third-party/schedule.swig\u001b[39m","time":"2017-01-21T01:51:50.080Z","v":0}
{"name":"hexo","hostname":"iMac.local","pid":1474,"level":20,"msg":"Processed: \u001b[35msource/lib/font-awesome/fonts/FontAwesome.otf\u001b[39m","time":"2017-01-21T01:51:50.081Z","v":0}
{"name":"hexo","hostname":"iMac.local","pid":1474,"level":20,"msg":"Processed: \u001b[35msource/lib/font-awesome/fonts/fontawesome-webfont.eot\u001b[39m","time":"2017-01-21T01:51:50.081Z","v":0}
{"name":"hexo","hostname":"iMac.local","pid":1474,"level":20,"msg":"Processed: \u001b[35msource/lib/font-awesome/fonts/fontawesome-webfont.woff\u001b[39m","time":"2017-01-21T01:51:50.081Z","v":0}
{"name":"hexo","hostname":"iMac.local","pid":1474,"level":20,"msg":"Processed: \u001b[35msource/lib/font-awesome/fonts/fontawesome-webfont.woff2\u001b[39m","time":"2017-01-21T01:51:50.082Z","v":0}
{"name":"hexo","hostname":"iMac.local","pid":1474,"level":20,"msg":"Processed: \u001b[35msource/lib/velocity/velocity.js\u001b[39m","time":"2017-01-21T01:51:50.082Z","v":0}
{"name":"hexo","hostname":"iMac.local","pid":1474,"level":20,"msg":"Processed: \u001b[35msource/lib/fancybox/source/helpers/fancybox_buttons.png\u001b[39m","time":"2017-01-21T01:51:50.086Z","v":0}
{"name":"hexo","hostname":"iMac.local","pid":1474,"level":20,"msg":"Processed: \u001b[35msource/lib/fancybox/source/helpers/jquery.fancybox-buttons.css\u001b[39m","time":"2017-01-21T01:51:50.086Z","v":0}
{"name":"hexo","hostname":"iMac.local","pid":1474,"level":20,"msg":"Processed: \u001b[35msource/lib/fancybox/source/helpers/jquery.fancybox-buttons.js\u001b[39m","time":"2017-01-21T01:51:50.087Z","v":0}
{"name":"hexo","hostname":"iMac.local","pid":1474,"level":20,"msg":"Processed: \u001b[35msource/lib/fancybox/source/helpers/jquery.fancybox-thumbs.css\u001b[39m","time":"2017-01-21T01:51:50.088Z","v":0}
{"name":"hexo","hostname":"iMac.local","pid":1474,"level":20,"msg":"Processed: \u001b[35msource/lib/fancybox/source/helpers/jquery.fancybox-media.js\u001b[39m","time":"2017-01-21T01:51:50.088Z","v":0}
{"name":"hexo","hostname":"iMac.local","pid":1474,"level":20,"msg":"Processed: \u001b[35msource/lib/fancybox/source/helpers/jquery.fancybox-thumbs.js\u001b[39m","time":"2017-01-21T01:51:50.089Z","v":0}
{"name":"hexo","hostname":"iMac.local","pid":1474,"level":20,"msg":"Processed: \u001b[35msource/lib/font-awesome/fonts/fontawesome-webfont.ttf\u001b[39m","time":"2017-01-21T01:51:50.090Z","v":0}
{"name":"hexo","hostname":"iMac.local","pid":1474,"level":20,"msg":"Processed: \u001b[35mlayout/_scripts/third-party/analytics/application-insights.swig\u001b[39m","time":"2017-01-21T01:51:50.099Z","v":0}
{"name":"hexo","hostname":"iMac.local","pid":1474,"level":20,"msg":"Processed: \u001b[35mlayout/_scripts/third-party/analytics/baidu-analytics.swig\u001b[39m","time":"2017-01-21T01:51:50.099Z","v":0}
{"name":"hexo","hostname":"iMac.local","pid":1474,"level":20,"msg":"Processed: \u001b[35mlayout/_scripts/third-party/analytics/busuanzi-counter.swig\u001b[39m","time":"2017-01-21T01:51:50.099Z","v":0}
{"name":"hexo","hostname":"iMac.local","pid":1474,"level":20,"msg":"Processed: \u001b[35mlayout/_scripts/third-party/analytics/cnzz-analytics.swig\u001b[39m","time":"2017-01-21T01:51:50.099Z","v":0}
{"name":"hexo","hostname":"iMac.local","pid":1474,"level":20,"msg":"Processed: \u001b[35mlayout/_scripts/third-party/analytics/facebook-sdk.swig\u001b[39m","time":"2017-01-21T01:51:50.099Z","v":0}
{"name":"hexo","hostname":"iMac.local","pid":1474,"level":20,"msg":"Processed: \u001b[35mlayout/_scripts/third-party/analytics/google-analytics.swig\u001b[39m","time":"2017-01-21T01:51:50.099Z","v":0}
{"name":"hexo","hostname":"iMac.local","pid":1474,"level":20,"msg":"Processed: \u001b[35mlayout/_scripts/third-party/analytics/tencent-analytics.swig\u001b[39m","time":"2017-01-21T01:51:50.099Z","v":0}
{"name":"hexo","hostname":"iMac.local","pid":1474,"level":20,"msg":"Processed: \u001b[35mlayout/_scripts/third-party/comments/disqus.swig\u001b[39m","time":"2017-01-21T01:51:50.099Z","v":0}
{"name":"hexo","hostname":"iMac.local","pid":1474,"level":20,"msg":"Processed: \u001b[35mlayout/_scripts/third-party/comments/duoshuo.swig\u001b[39m","time":"2017-01-21T01:51:50.099Z","v":0}
{"name":"hexo","hostname":"iMac.local","pid":1474,"level":20,"msg":"Processed: \u001b[35mlayout/_scripts/third-party/comments/gentie.swig\u001b[39m","time":"2017-01-21T01:51:50.099Z","v":0}
{"name":"hexo","hostname":"iMac.local","pid":1474,"level":20,"msg":"Processed: \u001b[35mlayout/_scripts/third-party/comments/hypercomments.swig\u001b[39m","time":"2017-01-21T01:51:50.099Z","v":0}
{"name":"hexo","hostname":"iMac.local","pid":1474,"level":20,"msg":"Processed: \u001b[35mlayout/_scripts/third-party/comments/youyan.swig\u001b[39m","time":"2017-01-21T01:51:50.100Z","v":0}
{"name":"hexo","hostname":"iMac.local","pid":1474,"level":20,"msg":"Processed: \u001b[35msource/lib/algolia-instant-search/instantsearch.min.js\u001b[39m","time":"2017-01-21T01:51:50.103Z","v":0}
{"name":"hexo","hostname":"iMac.local","pid":1474,"level":20,"msg":"Processed: \u001b[35msource/lib/font-awesome/fonts/fontawesome-webfont.svg\u001b[39m","time":"2017-01-21T01:51:50.103Z","v":0}
{"name":"hexo","hostname":"iMac.local","pid":1474,"level":20,"msg":"Generator: \u001b[35mpage\u001b[39m","time":"2017-01-21T01:51:50.173Z","v":0}
{"name":"hexo","hostname":"iMac.local","pid":1474,"level":20,"msg":"Generator: \u001b[35mpost\u001b[39m","time":"2017-01-21T01:51:50.173Z","v":0}
{"name":"hexo","hostname":"iMac.local","pid":1474,"level":20,"msg":"Generator: \u001b[35marchive\u001b[39m","time":"2017-01-21T01:51:50.173Z","v":0}
{"name":"hexo","hostname":"iMac.local","pid":1474,"level":20,"msg":"Generator: \u001b[35mcategory\u001b[39m","time":"2017-01-21T01:51:50.173Z","v":0}
{"name":"hexo","hostname":"iMac.local","pid":1474,"level":20,"msg":"Generator: \u001b[35mindex\u001b[39m","time":"2017-01-21T01:51:50.174Z","v":0}
{"name":"hexo","hostname":"iMac.local","pid":1474,"level":20,"msg":"Generator: \u001b[35mtag\u001b[39m","time":"2017-01-21T01:51:50.174Z","v":0}
{"name":"hexo","hostname":"iMac.local","pid":1474,"level":20,"msg":"Generator: \u001b[35masset\u001b[39m","time":"2017-01-21T01:51:50.176Z","v":0}
{"name":"hexo","hostname":"iMac.local","pid":1474,"level":30,"msg":"Hexo is running at \u001b[4mhttp://localhost:4000/\u001b[24m. Press Ctrl+C to stop.","time":"2017-01-21T01:51:50.182Z","v":0}
{"name":"hexo","hostname":"iMac.local","pid":1474,"level":20,"msg":"Database saved","time":"2017-01-21T01:51:50.193Z","v":0}
{"name":"hexo","hostname":"iMac.local","pid":1474,"level":20,"msg":"Rendering index: \u001b[35mindex.html\u001b[39m","time":"2017-01-21T01:51:57.017Z","v":0}
{"name":"hexo","hostname":"iMac.local","pid":1474,"level":30,"msg":"See you again","time":"2017-01-21T01:52:45.722Z","v":0}
{"name":"hexo","hostname":"iMac.local","pid":1474,"level":20,"msg":"Database saved","time":"2017-01-21T01:52:45.739Z","v":0}
{"name":"hexo","hostname":"iMac.local","pid":1531,"level":20,"msg":"Hexo version: \u001b[35m3.2.2\u001b[39m","time":"2017-01-21T01:55:50.191Z","v":0}
{"name":"hexo","hostname":"iMac.local","pid":1531,"level":20,"msg":"Working directory: \u001b[35m~/Blog/\u001b[39m","time":"2017-01-21T01:55:50.193Z","v":0}
{"name":"hexo","hostname":"iMac.local","pid":1531,"level":20,"msg":"Config loaded: \u001b[35m~/Blog/_config.yml\u001b[39m","time":"2017-01-21T01:55:50.259Z","v":0}
{"name":"hexo","hostname":"iMac.local","pid":1531,"level":20,"msg":"Script loaded: \u001b[35mthemes/next/scripts/merge-configs.js\u001b[39m","time":"2017-01-21T01:55:50.269Z","v":0}
{"name":"hexo","hostname":"iMac.local","pid":1531,"level":20,"msg":"Script loaded: \u001b[35mthemes/next/scripts/tags/button.js\u001b[39m","time":"2017-01-21T01:55:50.269Z","v":0}
{"name":"hexo","hostname":"iMac.local","pid":1531,"level":20,"msg":"Script loaded: \u001b[35mthemes/next/scripts/tags/center-quote.js\u001b[39m","time":"2017-01-21T01:55:50.270Z","v":0}
{"name":"hexo","hostname":"iMac.local","pid":1531,"level":20,"msg":"Script loaded: \u001b[35mthemes/next/scripts/tags/full-image.js\u001b[39m","time":"2017-01-21T01:55:50.270Z","v":0}
{"name":"hexo","hostname":"iMac.local","pid":1531,"level":20,"msg":"Script loaded: \u001b[35mthemes/next/scripts/tags/group-pictures.js\u001b[39m","time":"2017-01-21T01:55:50.271Z","v":0}
{"name":"hexo","hostname":"iMac.local","pid":1531,"level":20,"msg":"Script loaded: \u001b[35mthemes/next/scripts/tags/note.js\u001b[39m","time":"2017-01-21T01:55:50.271Z","v":0}
{"name":"hexo","hostname":"iMac.local","pid":1531,"level":20,"msg":"Plugin loaded: \u001b[35mhexo-deployer-git\u001b[39m","time":"2017-01-21T01:55:50.272Z","v":0}
{"name":"hexo","hostname":"iMac.local","pid":1531,"level":20,"msg":"Plugin loaded: \u001b[35mhexo-generator-category\u001b[39m","time":"2017-01-21T01:55:50.274Z","v":0}
{"name":"hexo","hostname":"iMac.local","pid":1531,"level":20,"msg":"Plugin loaded: \u001b[35mhexo-generator-index\u001b[39m","time":"2017-01-21T01:55:50.275Z","v":0}
{"name":"hexo","hostname":"iMac.local","pid":1531,"level":20,"msg":"Plugin loaded: \u001b[35mhexo-generator-tag\u001b[39m","time":"2017-01-21T01:55:50.275Z","v":0}
{"name":"hexo","hostname":"iMac.local","pid":1531,"level":20,"msg":"Plugin loaded: \u001b[35mhexo-generator-archive\u001b[39m","time":"2017-01-21T01:55:50.276Z","v":0}
{"name":"hexo","hostname":"iMac.local","pid":1531,"level":20,"msg":"Plugin loaded: \u001b[35mhexo-renderer-ejs\u001b[39m","time":"2017-01-21T01:55:50.278Z","v":0}
{"name":"hexo","hostname":"iMac.local","pid":1531,"level":20,"msg":"Plugin loaded: \u001b[35mhexo-renderer-marked\u001b[39m","time":"2017-01-21T01:55:50.281Z","v":0}
{"name":"hexo","hostname":"iMac.local","pid":1531,"level":20,"msg":"Plugin loaded: \u001b[35mhexo-renderer-stylus\u001b[39m","time":"2017-01-21T01:55:50.282Z","v":0}
{"name":"hexo","hostname":"iMac.local","pid":1531,"level":20,"msg":"Plugin loaded: \u001b[35mhexo-server\u001b[39m","time":"2017-01-21T01:55:50.320Z","v":0}
{"name":"hexo","hostname":"iMac.local","pid":1531,"level":20,"msg":"Loading database.","time":"2017-01-21T01:55:50.327Z","v":0}
{"name":"hexo","hostname":"iMac.local","pid":1531,"level":30,"msg":"Start processing","time":"2017-01-21T01:55:50.402Z","v":0}
{"name":"hexo","hostname":"iMac.local","pid":1531,"level":20,"msg":"Processed: \u001b[35m_posts/Swift的lazy关键字–延迟加载.md\u001b[39m","time":"2017-01-21T01:55:50.466Z","v":0}
{"name":"hexo","hostname":"iMac.local","pid":1531,"level":20,"msg":"Theme config loaded.","time":"2017-01-21T01:55:50.884Z","v":0}
{"name":"hexo","hostname":"iMac.local","pid":1531,"level":20,"msg":"Processed: \u001b[35m_config.yml\u001b[39m","time":"2017-01-21T01:55:50.888Z","v":0}
{"name":"hexo","hostname":"iMac.local","pid":1531,"level":20,"msg":"Processed: \u001b[35msource/css/main.styl\u001b[39m","time":"2017-01-21T01:55:50.889Z","v":0}
{"name":"hexo","hostname":"iMac.local","pid":1531,"level":20,"msg":"Processed: \u001b[35msource/images/algolia_logo.svg\u001b[39m","time":"2017-01-21T01:55:50.889Z","v":0}
{"name":"hexo","hostname":"iMac.local","pid":1531,"level":20,"msg":"Processed: \u001b[35msource/images/avatar.gif\u001b[39m","time":"2017-01-21T01:55:50.890Z","v":0}
{"name":"hexo","hostname":"iMac.local","pid":1531,"level":20,"msg":"Processed: \u001b[35msource/images/cc-by-nc-nd.svg\u001b[39m","time":"2017-01-21T01:55:50.890Z","v":0}
{"name":"hexo","hostname":"iMac.local","pid":1531,"level":20,"msg":"Processed: \u001b[35msource/images/cc-by-nc-sa.svg\u001b[39m","time":"2017-01-21T01:55:50.890Z","v":0}
{"name":"hexo","hostname":"iMac.local","pid":1531,"level":20,"msg":"Processed: \u001b[35msource/images/cc-by-nc.svg\u001b[39m","time":"2017-01-21T01:55:50.891Z","v":0}
{"name":"hexo","hostname":"iMac.local","pid":1531,"level":20,"msg":"Processed: \u001b[35msource/images/cc-by-nd.svg\u001b[39m","time":"2017-01-21T01:55:50.891Z","v":0}
{"name":"hexo","hostname":"iMac.local","pid":1531,"level":20,"msg":"Processed: \u001b[35msource/images/cc-by-sa.svg\u001b[39m","time":"2017-01-21T01:55:50.891Z","v":0}
{"name":"hexo","hostname":"iMac.local","pid":1531,"level":20,"msg":"Processed: \u001b[35msource/images/loading.gif\u001b[39m","time":"2017-01-21T01:55:50.891Z","v":0}
{"name":"hexo","hostname":"iMac.local","pid":1531,"level":20,"msg":"Processed: \u001b[35msource/images/cc-zero.svg\u001b[39m","time":"2017-01-21T01:55:50.891Z","v":0}
{"name":"hexo","hostname":"iMac.local","pid":1531,"level":20,"msg":"Processed: \u001b[35msource/images/cc-by.svg\u001b[39m","time":"2017-01-21T01:55:50.892Z","v":0}
{"name":"hexo","hostname":"iMac.local","pid":1531,"level":20,"msg":"Processed: \u001b[35msource/images/quote-l.svg\u001b[39m","time":"2017-01-21T01:55:50.892Z","v":0}
{"name":"hexo","hostname":"iMac.local","pid":1531,"level":20,"msg":"Processed: \u001b[35msource/images/quote-r.svg\u001b[39m","time":"2017-01-21T01:55:50.892Z","v":0}
{"name":"hexo","hostname":"iMac.local","pid":1531,"level":20,"msg":"Processed: \u001b[35msource/images/placeholder.gif\u001b[39m","time":"2017-01-21T01:55:50.893Z","v":0}
{"name":"hexo","hostname":"iMac.local","pid":1531,"level":20,"msg":"Processed: \u001b[35msource/images/searchicon.png\u001b[39m","time":"2017-01-21T01:55:50.893Z","v":0}
{"name":"hexo","hostname":"iMac.local","pid":1531,"level":20,"msg":"Processed: \u001b[35mlayout/.DS_Store\u001b[39m","time":"2017-01-21T01:55:51.090Z","v":0}
{"name":"hexo","hostname":"iMac.local","pid":1531,"level":20,"msg":"Processed: \u001b[35mlayout/_layout.swig\u001b[39m","time":"2017-01-21T01:55:51.090Z","v":0}
{"name":"hexo","hostname":"iMac.local","pid":1531,"level":20,"msg":"Processed: \u001b[35mlayout/category.swig\u001b[39m","time":"2017-01-21T01:55:51.090Z","v":0}
{"name":"hexo","hostname":"iMac.local","pid":1531,"level":20,"msg":"Processed: \u001b[35mlayout/archive.swig\u001b[39m","time":"2017-01-21T01:55:51.090Z","v":0}
{"name":"hexo","hostname":"iMac.local","pid":1531,"level":20,"msg":"Processed: \u001b[35mlayout/index.swig\u001b[39m","time":"2017-01-21T01:55:51.090Z","v":0}
{"name":"hexo","hostname":"iMac.local","pid":1531,"level":20,"msg":"Processed: \u001b[35mlayout/page.swig\u001b[39m","time":"2017-01-21T01:55:51.090Z","v":0}
{"name":"hexo","hostname":"iMac.local","pid":1531,"level":20,"msg":"Processed: \u001b[35mlayout/post.swig\u001b[39m","time":"2017-01-21T01:55:51.090Z","v":0}
{"name":"hexo","hostname":"iMac.local","pid":1531,"level":20,"msg":"Processed: \u001b[35mlayout/schedule.swig\u001b[39m","time":"2017-01-21T01:55:51.091Z","v":0}
{"name":"hexo","hostname":"iMac.local","pid":1531,"level":20,"msg":"Processed: \u001b[35mlayout/tag.swig\u001b[39m","time":"2017-01-21T01:55:51.091Z","v":0}
{"name":"hexo","hostname":"iMac.local","pid":1531,"level":20,"msg":"Processed: \u001b[35mlanguages/de.yml\u001b[39m","time":"2017-01-21T01:55:51.100Z","v":0}
{"name":"hexo","hostname":"iMac.local","pid":1531,"level":20,"msg":"Processed: \u001b[35mlanguages/default.yml\u001b[39m","time":"2017-01-21T01:55:51.100Z","v":0}
{"name":"hexo","hostname":"iMac.local","pid":1531,"level":20,"msg":"Processed: \u001b[35mlanguages/en.yml\u001b[39m","time":"2017-01-21T01:55:51.100Z","v":0}
{"name":"hexo","hostname":"iMac.local","pid":1531,"level":20,"msg":"Processed: \u001b[35mlanguages/fr-FR.yml\u001b[39m","time":"2017-01-21T01:55:51.100Z","v":0}
{"name":"hexo","hostname":"iMac.local","pid":1531,"level":20,"msg":"Processed: \u001b[35mlanguages/id.yml\u001b[39m","time":"2017-01-21T01:55:51.100Z","v":0}
{"name":"hexo","hostname":"iMac.local","pid":1531,"level":20,"msg":"Processed: \u001b[35mlanguages/ja.yml\u001b[39m","time":"2017-01-21T01:55:51.100Z","v":0}
{"name":"hexo","hostname":"iMac.local","pid":1531,"level":20,"msg":"Processed: \u001b[35mlanguages/ko.yml\u001b[39m","time":"2017-01-21T01:55:51.100Z","v":0}
{"name":"hexo","hostname":"iMac.local","pid":1531,"level":20,"msg":"Processed: \u001b[35mlanguages/pt-BR.yml\u001b[39m","time":"2017-01-21T01:55:51.100Z","v":0}
{"name":"hexo","hostname":"iMac.local","pid":1531,"level":20,"msg":"Processed: \u001b[35mlanguages/pt.yml\u001b[39m","time":"2017-01-21T01:55:51.100Z","v":0}
{"name":"hexo","hostname":"iMac.local","pid":1531,"level":20,"msg":"Processed: \u001b[35mlanguages/ru.yml\u001b[39m","time":"2017-01-21T01:55:51.100Z","v":0}
{"name":"hexo","hostname":"iMac.local","pid":1531,"level":20,"msg":"Processed: \u001b[35mlanguages/zh-Hans.yml\u001b[39m","time":"2017-01-21T01:55:51.100Z","v":0}
{"name":"hexo","hostname":"iMac.local","pid":1531,"level":20,"msg":"Processed: \u001b[35mlanguages/zh-hk.yml\u001b[39m","time":"2017-01-21T01:55:51.100Z","v":0}
{"name":"hexo","hostname":"iMac.local","pid":1531,"level":20,"msg":"Processed: \u001b[35mlanguages/zh-tw.yml\u001b[39m","time":"2017-01-21T01:55:51.100Z","v":0}
{"name":"hexo","hostname":"iMac.local","pid":1531,"level":20,"msg":"Processed: \u001b[35msource/js/src/affix.js\u001b[39m","time":"2017-01-21T01:55:51.101Z","v":0}
{"name":"hexo","hostname":"iMac.local","pid":1531,"level":20,"msg":"Processed: \u001b[35msource/js/src/algolia-search.js\u001b[39m","time":"2017-01-21T01:55:51.101Z","v":0}
{"name":"hexo","hostname":"iMac.local","pid":1531,"level":20,"msg":"Processed: \u001b[35msource/js/src/bootstrap.js\u001b[39m","time":"2017-01-21T01:55:51.101Z","v":0}
{"name":"hexo","hostname":"iMac.local","pid":1531,"level":20,"msg":"Processed: \u001b[35msource/js/src/hook-duoshuo.js\u001b[39m","time":"2017-01-21T01:55:51.102Z","v":0}
{"name":"hexo","hostname":"iMac.local","pid":1531,"level":20,"msg":"Processed: \u001b[35msource/js/src/motion.js\u001b[39m","time":"2017-01-21T01:55:51.102Z","v":0}
{"name":"hexo","hostname":"iMac.local","pid":1531,"level":20,"msg":"Processed: \u001b[35msource/js/src/post-details.js\u001b[39m","time":"2017-01-21T01:55:51.102Z","v":0}
{"name":"hexo","hostname":"iMac.local","pid":1531,"level":20,"msg":"Processed: \u001b[35msource/js/src/scrollspy.js\u001b[39m","time":"2017-01-21T01:55:51.102Z","v":0}
{"name":"hexo","hostname":"iMac.local","pid":1531,"level":20,"msg":"Processed: \u001b[35msource/js/src/utils.js\u001b[39m","time":"2017-01-21T01:55:51.103Z","v":0}
{"name":"hexo","hostname":"iMac.local","pid":1531,"level":20,"msg":"Processed: \u001b[35msource/lib/algolia-instant-search/instantsearch.min.css\u001b[39m","time":"2017-01-21T01:55:51.103Z","v":0}
{"name":"hexo","hostname":"iMac.local","pid":1531,"level":20,"msg":"Processed: \u001b[35msource/lib/canvas-nest/canvas-nest.min.js\u001b[39m","time":"2017-01-21T01:55:51.103Z","v":0}
{"name":"hexo","hostname":"iMac.local","pid":1531,"level":20,"msg":"Processed: \u001b[35msource/lib/fastclick/LICENSE\u001b[39m","time":"2017-01-21T01:55:51.104Z","v":0}
{"name":"hexo","hostname":"iMac.local","pid":1531,"level":20,"msg":"Processed: \u001b[35msource/lib/fastclick/README.md\u001b[39m","time":"2017-01-21T01:55:51.104Z","v":0}
{"name":"hexo","hostname":"iMac.local","pid":1531,"level":20,"msg":"Processed: \u001b[35msource/lib/fastclick/bower.json\u001b[39m","time":"2017-01-21T01:55:51.105Z","v":0}
{"name":"hexo","hostname":"iMac.local","pid":1531,"level":20,"msg":"Processed: \u001b[35msource/lib/font-awesome/HELP-US-OUT.txt\u001b[39m","time":"2017-01-21T01:55:51.105Z","v":0}
{"name":"hexo","hostname":"iMac.local","pid":1531,"level":20,"msg":"Processed: \u001b[35msource/lib/font-awesome/bower.json\u001b[39m","time":"2017-01-21T01:55:51.105Z","v":0}
{"name":"hexo","hostname":"iMac.local","pid":1531,"level":20,"msg":"Processed: \u001b[35msource/lib/jquery_lazyload/CONTRIBUTING.md\u001b[39m","time":"2017-01-21T01:55:51.105Z","v":0}
{"name":"hexo","hostname":"iMac.local","pid":1531,"level":20,"msg":"Processed: \u001b[35msource/lib/jquery_lazyload/README.md\u001b[39m","time":"2017-01-21T01:55:51.105Z","v":0}
{"name":"hexo","hostname":"iMac.local","pid":1531,"level":20,"msg":"Processed: \u001b[35msource/lib/jquery_lazyload/bower.json\u001b[39m","time":"2017-01-21T01:55:51.105Z","v":0}
{"name":"hexo","hostname":"iMac.local","pid":1531,"level":20,"msg":"Processed: \u001b[35msource/lib/jquery_lazyload/jquery.lazyload.js\u001b[39m","time":"2017-01-21T01:55:51.106Z","v":0}
{"name":"hexo","hostname":"iMac.local","pid":1531,"level":20,"msg":"Processed: \u001b[35msource/lib/jquery_lazyload/jquery.scrollstop.js\u001b[39m","time":"2017-01-21T01:55:51.106Z","v":0}
{"name":"hexo","hostname":"iMac.local","pid":1531,"level":20,"msg":"Processed: \u001b[35msource/lib/velocity/bower.json\u001b[39m","time":"2017-01-21T01:55:51.106Z","v":0}
{"name":"hexo","hostname":"iMac.local","pid":1531,"level":20,"msg":"Processed: \u001b[35msource/lib/velocity/velocity.min.js\u001b[39m","time":"2017-01-21T01:55:51.106Z","v":0}
{"name":"hexo","hostname":"iMac.local","pid":1531,"level":20,"msg":"Processed: \u001b[35msource/lib/velocity/velocity.ui.js\u001b[39m","time":"2017-01-21T01:55:51.107Z","v":0}
{"name":"hexo","hostname":"iMac.local","pid":1531,"level":20,"msg":"Processed: \u001b[35msource/lib/velocity/velocity.ui.min.js\u001b[39m","time":"2017-01-21T01:55:51.107Z","v":0}
{"name":"hexo","hostname":"iMac.local","pid":1531,"level":20,"msg":"Processed: \u001b[35msource/lib/jquery/index.js\u001b[39m","time":"2017-01-21T01:55:51.114Z","v":0}
{"name":"hexo","hostname":"iMac.local","pid":1531,"level":20,"msg":"Processed: \u001b[35mlayout/_custom/header.swig\u001b[39m","time":"2017-01-21T01:55:51.171Z","v":0}
{"name":"hexo","hostname":"iMac.local","pid":1531,"level":20,"msg":"Processed: \u001b[35mlayout/_custom/sidebar.swig\u001b[39m","time":"2017-01-21T01:55:51.171Z","v":0}
{"name":"hexo","hostname":"iMac.local","pid":1531,"level":20,"msg":"Processed: \u001b[35mlayout/_macro/post-collapse.swig\u001b[39m","time":"2017-01-21T01:55:51.171Z","v":0}
{"name":"hexo","hostname":"iMac.local","pid":1531,"level":20,"msg":"Processed: \u001b[35mlayout/_macro/reward.swig\u001b[39m","time":"2017-01-21T01:55:51.171Z","v":0}
{"name":"hexo","hostname":"iMac.local","pid":1531,"level":20,"msg":"Processed: \u001b[35mlayout/_macro/post.swig\u001b[39m","time":"2017-01-21T01:55:51.171Z","v":0}
{"name":"hexo","hostname":"iMac.local","pid":1531,"level":20,"msg":"Processed: \u001b[35mlayout/_macro/sidebar.swig\u001b[39m","time":"2017-01-21T01:55:51.171Z","v":0}
{"name":"hexo","hostname":"iMac.local","pid":1531,"level":20,"msg":"Processed: \u001b[35mlayout/_macro/wechat-subscriber.swig\u001b[39m","time":"2017-01-21T01:55:51.172Z","v":0}
{"name":"hexo","hostname":"iMac.local","pid":1531,"level":20,"msg":"Processed: \u001b[35mlayout/_partials/comments.swig\u001b[39m","time":"2017-01-21T01:55:51.173Z","v":0}
{"name":"hexo","hostname":"iMac.local","pid":1531,"level":20,"msg":"Processed: \u001b[35mlayout/_partials/duoshuo-hot-articles.swig\u001b[39m","time":"2017-01-21T01:55:51.173Z","v":0}
{"name":"hexo","hostname":"iMac.local","pid":1531,"level":20,"msg":"Processed: \u001b[35mlayout/_partials/footer.swig\u001b[39m","time":"2017-01-21T01:55:51.173Z","v":0}
{"name":"hexo","hostname":"iMac.local","pid":1531,"level":20,"msg":"Processed: \u001b[35mlayout/_partials/head.swig\u001b[39m","time":"2017-01-21T01:55:51.173Z","v":0}
{"name":"hexo","hostname":"iMac.local","pid":1531,"level":20,"msg":"Processed: \u001b[35mlayout/_partials/page-header.swig\u001b[39m","time":"2017-01-21T01:55:51.173Z","v":0}
{"name":"hexo","hostname":"iMac.local","pid":1531,"level":20,"msg":"Processed: \u001b[35mlayout/_partials/header.swig\u001b[39m","time":"2017-01-21T01:55:51.173Z","v":0}
{"name":"hexo","hostname":"iMac.local","pid":1531,"level":20,"msg":"Processed: \u001b[35mlayout/_partials/pagination.swig\u001b[39m","time":"2017-01-21T01:55:51.173Z","v":0}
{"name":"hexo","hostname":"iMac.local","pid":1531,"level":20,"msg":"Processed: \u001b[35mlayout/_partials/search.swig\u001b[39m","time":"2017-01-21T01:55:51.173Z","v":0}
{"name":"hexo","hostname":"iMac.local","pid":1531,"level":20,"msg":"Processed: \u001b[35mlayout/_scripts/baidu-push.swig\u001b[39m","time":"2017-01-21T01:55:51.173Z","v":0}
{"name":"hexo","hostname":"iMac.local","pid":1531,"level":20,"msg":"Processed: \u001b[35mlayout/_scripts/boostrap.swig\u001b[39m","time":"2017-01-21T01:55:51.173Z","v":0}
{"name":"hexo","hostname":"iMac.local","pid":1531,"level":20,"msg":"Processed: \u001b[35mlayout/_scripts/commons.swig\u001b[39m","time":"2017-01-21T01:55:51.173Z","v":0}
{"name":"hexo","hostname":"iMac.local","pid":1531,"level":20,"msg":"Processed: \u001b[35mlayout/_scripts/vendors.swig\u001b[39m","time":"2017-01-21T01:55:51.173Z","v":0}
{"name":"hexo","hostname":"iMac.local","pid":1531,"level":20,"msg":"Processed: \u001b[35msource/js/src/schemes/pisces.js\u001b[39m","time":"2017-01-21T01:55:51.176Z","v":0}
{"name":"hexo","hostname":"iMac.local","pid":1531,"level":20,"msg":"Processed: \u001b[35msource/lib/fancybox/source/blank.gif\u001b[39m","time":"2017-01-21T01:55:51.176Z","v":0}
{"name":"hexo","hostname":"iMac.local","pid":1531,"level":20,"msg":"Processed: \u001b[35msource/lib/fancybox/source/fancybox_loading@2x.gif\u001b[39m","time":"2017-01-21T01:55:51.176Z","v":0}
{"name":"hexo","hostname":"iMac.local","pid":1531,"level":20,"msg":"Processed: \u001b[35msource/lib/fancybox/source/fancybox_overlay.png\u001b[39m","time":"2017-01-21T01:55:51.177Z","v":0}
{"name":"hexo","hostname":"iMac.local","pid":1531,"level":20,"msg":"Processed: \u001b[35msource/lib/fancybox/source/fancybox_sprite.png\u001b[39m","time":"2017-01-21T01:55:51.177Z","v":0}
{"name":"hexo","hostname":"iMac.local","pid":1531,"level":20,"msg":"Processed: \u001b[35msource/lib/fancybox/source/fancybox_loading.gif\u001b[39m","time":"2017-01-21T01:55:51.177Z","v":0}
{"name":"hexo","hostname":"iMac.local","pid":1531,"level":20,"msg":"Processed: \u001b[35msource/lib/fancybox/source/fancybox_sprite@2x.png\u001b[39m","time":"2017-01-21T01:55:51.177Z","v":0}
{"name":"hexo","hostname":"iMac.local","pid":1531,"level":20,"msg":"Processed: \u001b[35msource/lib/fancybox/source/jquery.fancybox.css\u001b[39m","time":"2017-01-21T01:55:51.177Z","v":0}
{"name":"hexo","hostname":"iMac.local","pid":1531,"level":20,"msg":"Processed: \u001b[35msource/lib/fancybox/source/jquery.fancybox.pack.js\u001b[39m","time":"2017-01-21T01:55:51.177Z","v":0}
{"name":"hexo","hostname":"iMac.local","pid":1531,"level":20,"msg":"Processed: \u001b[35msource/lib/fancybox/source/jquery.fancybox.js\u001b[39m","time":"2017-01-21T01:55:51.177Z","v":0}
{"name":"hexo","hostname":"iMac.local","pid":1531,"level":20,"msg":"Processed: \u001b[35msource/lib/fastclick/lib/fastclick.js\u001b[39m","time":"2017-01-21T01:55:51.177Z","v":0}
{"name":"hexo","hostname":"iMac.local","pid":1531,"level":20,"msg":"Processed: \u001b[35msource/lib/fastclick/lib/fastclick.min.js\u001b[39m","time":"2017-01-21T01:55:51.177Z","v":0}
{"name":"hexo","hostname":"iMac.local","pid":1531,"level":20,"msg":"Processed: \u001b[35msource/lib/font-awesome/css/font-awesome.css\u001b[39m","time":"2017-01-21T01:55:51.178Z","v":0}
{"name":"hexo","hostname":"iMac.local","pid":1531,"level":20,"msg":"Processed: \u001b[35msource/lib/font-awesome/css/font-awesome.css.map\u001b[39m","time":"2017-01-21T01:55:51.178Z","v":0}
{"name":"hexo","hostname":"iMac.local","pid":1531,"level":20,"msg":"Processed: \u001b[35msource/lib/font-awesome/css/font-awesome.min.css\u001b[39m","time":"2017-01-21T01:55:51.178Z","v":0}
{"name":"hexo","hostname":"iMac.local","pid":1531,"level":20,"msg":"Processed: \u001b[35msource/lib/ua-parser-js/dist/ua-parser.min.js\u001b[39m","time":"2017-01-21T01:55:51.178Z","v":0}
{"name":"hexo","hostname":"iMac.local","pid":1531,"level":20,"msg":"Processed: \u001b[35msource/lib/ua-parser-js/dist/ua-parser.pack.js\u001b[39m","time":"2017-01-21T01:55:51.178Z","v":0}
{"name":"hexo","hostname":"iMac.local","pid":1531,"level":20,"msg":"Processed: \u001b[35mlayout/_scripts/schemes/mist.swig\u001b[39m","time":"2017-01-21T01:55:51.270Z","v":0}
{"name":"hexo","hostname":"iMac.local","pid":1531,"level":20,"msg":"Processed: \u001b[35mlayout/_scripts/schemes/muse.swig\u001b[39m","time":"2017-01-21T01:55:51.270Z","v":0}
{"name":"hexo","hostname":"iMac.local","pid":1531,"level":20,"msg":"Processed: \u001b[35msource/lib/font-awesome/fonts/FontAwesome.otf\u001b[39m","time":"2017-01-21T01:55:51.270Z","v":0}
{"name":"hexo","hostname":"iMac.local","pid":1531,"level":20,"msg":"Processed: \u001b[35msource/lib/font-awesome/fonts/fontawesome-webfont.eot\u001b[39m","time":"2017-01-21T01:55:51.270Z","v":0}
{"name":"hexo","hostname":"iMac.local","pid":1531,"level":20,"msg":"Processed: \u001b[35mlayout/_components/algolia-search/assets.swig\u001b[39m","time":"2017-01-21T01:55:51.274Z","v":0}
{"name":"hexo","hostname":"iMac.local","pid":1531,"level":20,"msg":"Processed: \u001b[35mlayout/_components/algolia-search/dom.swig\u001b[39m","time":"2017-01-21T01:55:51.274Z","v":0}
{"name":"hexo","hostname":"iMac.local","pid":1531,"level":20,"msg":"Processed: \u001b[35msource/lib/font-awesome/fonts/fontawesome-webfont.woff\u001b[39m","time":"2017-01-21T01:55:51.278Z","v":0}
{"name":"hexo","hostname":"iMac.local","pid":1531,"level":20,"msg":"Processed: \u001b[35msource/lib/font-awesome/fonts/fontawesome-webfont.woff2\u001b[39m","time":"2017-01-21T01:55:51.278Z","v":0}
{"name":"hexo","hostname":"iMac.local","pid":1531,"level":20,"msg":"Processed: \u001b[35msource/lib/velocity/velocity.js\u001b[39m","time":"2017-01-21T01:55:51.278Z","v":0}
{"name":"hexo","hostname":"iMac.local","pid":1531,"level":20,"msg":"Processed: \u001b[35msource/lib/fancybox/source/helpers/jquery.fancybox-buttons.css\u001b[39m","time":"2017-01-21T01:55:51.278Z","v":0}
{"name":"hexo","hostname":"iMac.local","pid":1531,"level":20,"msg":"Processed: \u001b[35msource/lib/fancybox/source/helpers/jquery.fancybox-media.js\u001b[39m","time":"2017-01-21T01:55:51.279Z","v":0}
{"name":"hexo","hostname":"iMac.local","pid":1531,"level":20,"msg":"Processed: \u001b[35msource/lib/fancybox/source/helpers/jquery.fancybox-thumbs.css\u001b[39m","time":"2017-01-21T01:55:51.279Z","v":0}
{"name":"hexo","hostname":"iMac.local","pid":1531,"level":20,"msg":"Processed: \u001b[35mlayout/_partials/head/custom-head.swig\u001b[39m","time":"2017-01-21T01:55:51.289Z","v":0}
{"name":"hexo","hostname":"iMac.local","pid":1531,"level":20,"msg":"Processed: \u001b[35mlayout/_partials/head/external-fonts.swig\u001b[39m","time":"2017-01-21T01:55:51.290Z","v":0}
{"name":"hexo","hostname":"iMac.local","pid":1531,"level":20,"msg":"Processed: \u001b[35mlayout/_partials/search/localsearch.swig\u001b[39m","time":"2017-01-21T01:55:51.290Z","v":0}
{"name":"hexo","hostname":"iMac.local","pid":1531,"level":20,"msg":"Processed: \u001b[35mlayout/_partials/search/swiftype.swig\u001b[39m","time":"2017-01-21T01:55:51.290Z","v":0}
{"name":"hexo","hostname":"iMac.local","pid":1531,"level":20,"msg":"Processed: \u001b[35mlayout/_partials/search/tinysou.swig\u001b[39m","time":"2017-01-21T01:55:51.290Z","v":0}
{"name":"hexo","hostname":"iMac.local","pid":1531,"level":20,"msg":"Processed: \u001b[35mlayout/_partials/share/add-this.swig\u001b[39m","time":"2017-01-21T01:55:51.290Z","v":0}
{"name":"hexo","hostname":"iMac.local","pid":1531,"level":20,"msg":"Processed: \u001b[35mlayout/_partials/share/duoshuo_share.swig\u001b[39m","time":"2017-01-21T01:55:51.290Z","v":0}
{"name":"hexo","hostname":"iMac.local","pid":1531,"level":20,"msg":"Processed: \u001b[35mlayout/_partials/share/baidushare.swig\u001b[39m","time":"2017-01-21T01:55:51.290Z","v":0}
{"name":"hexo","hostname":"iMac.local","pid":1531,"level":20,"msg":"Processed: \u001b[35mlayout/_partials/share/jiathis.swig\u001b[39m","time":"2017-01-21T01:55:51.290Z","v":0}
{"name":"hexo","hostname":"iMac.local","pid":1531,"level":20,"msg":"Processed: \u001b[35mlayout/_scripts/pages/post-details.swig\u001b[39m","time":"2017-01-21T01:55:51.290Z","v":0}
{"name":"hexo","hostname":"iMac.local","pid":1531,"level":20,"msg":"Processed: \u001b[35mlayout/_scripts/schemes/pisces.swig\u001b[39m","time":"2017-01-21T01:55:51.290Z","v":0}
{"name":"hexo","hostname":"iMac.local","pid":1531,"level":20,"msg":"Processed: \u001b[35mlayout/_scripts/third-party/comments.swig\u001b[39m","time":"2017-01-21T01:55:51.290Z","v":0}
{"name":"hexo","hostname":"iMac.local","pid":1531,"level":20,"msg":"Processed: \u001b[35mlayout/_scripts/third-party/analytics.swig\u001b[39m","time":"2017-01-21T01:55:51.290Z","v":0}
{"name":"hexo","hostname":"iMac.local","pid":1531,"level":20,"msg":"Processed: \u001b[35mlayout/_scripts/third-party/localsearch.swig\u001b[39m","time":"2017-01-21T01:55:51.290Z","v":0}
{"name":"hexo","hostname":"iMac.local","pid":1531,"level":20,"msg":"Processed: \u001b[35mlayout/_scripts/third-party/schedule.swig\u001b[39m","time":"2017-01-21T01:55:51.290Z","v":0}
{"name":"hexo","hostname":"iMac.local","pid":1531,"level":20,"msg":"Processed: \u001b[35mlayout/_scripts/third-party/lean-analytics.swig\u001b[39m","time":"2017-01-21T01:55:51.290Z","v":0}
{"name":"hexo","hostname":"iMac.local","pid":1531,"level":20,"msg":"Processed: \u001b[35mlayout/_scripts/third-party/mathjax.swig\u001b[39m","time":"2017-01-21T01:55:51.290Z","v":0}
{"name":"hexo","hostname":"iMac.local","pid":1531,"level":20,"msg":"Processed: \u001b[35mlayout/_scripts/third-party/tinysou.swig\u001b[39m","time":"2017-01-21T01:55:51.290Z","v":0}
{"name":"hexo","hostname":"iMac.local","pid":1531,"level":20,"msg":"Processed: \u001b[35msource/lib/font-awesome/fonts/fontawesome-webfont.ttf\u001b[39m","time":"2017-01-21T01:55:51.292Z","v":0}
{"name":"hexo","hostname":"iMac.local","pid":1531,"level":20,"msg":"Processed: \u001b[35msource/lib/fancybox/source/helpers/fancybox_buttons.png\u001b[39m","time":"2017-01-21T01:55:51.292Z","v":0}
{"name":"hexo","hostname":"iMac.local","pid":1531,"level":20,"msg":"Processed: \u001b[35msource/lib/fancybox/source/helpers/jquery.fancybox-buttons.js\u001b[39m","time":"2017-01-21T01:55:51.292Z","v":0}
{"name":"hexo","hostname":"iMac.local","pid":1531,"level":20,"msg":"Processed: \u001b[35msource/lib/fancybox/source/helpers/jquery.fancybox-thumbs.js\u001b[39m","time":"2017-01-21T01:55:51.292Z","v":0}
{"name":"hexo","hostname":"iMac.local","pid":1531,"level":20,"msg":"Processed: \u001b[35msource/lib/algolia-instant-search/instantsearch.min.js\u001b[39m","time":"2017-01-21T01:55:51.293Z","v":0}
{"name":"hexo","hostname":"iMac.local","pid":1531,"level":20,"msg":"Processed: \u001b[35mlayout/_scripts/third-party/analytics/application-insights.swig\u001b[39m","time":"2017-01-21T01:55:51.302Z","v":0}
{"name":"hexo","hostname":"iMac.local","pid":1531,"level":20,"msg":"Processed: \u001b[35mlayout/_scripts/third-party/analytics/busuanzi-counter.swig\u001b[39m","time":"2017-01-21T01:55:51.302Z","v":0}
{"name":"hexo","hostname":"iMac.local","pid":1531,"level":20,"msg":"Processed: \u001b[35mlayout/_scripts/third-party/analytics/baidu-analytics.swig\u001b[39m","time":"2017-01-21T01:55:51.302Z","v":0}
{"name":"hexo","hostname":"iMac.local","pid":1531,"level":20,"msg":"Processed: \u001b[35mlayout/_scripts/third-party/analytics/cnzz-analytics.swig\u001b[39m","time":"2017-01-21T01:55:51.302Z","v":0}
{"name":"hexo","hostname":"iMac.local","pid":1531,"level":20,"msg":"Processed: \u001b[35mlayout/_scripts/third-party/analytics/facebook-sdk.swig\u001b[39m","time":"2017-01-21T01:55:51.302Z","v":0}
{"name":"hexo","hostname":"iMac.local","pid":1531,"level":20,"msg":"Processed: \u001b[35mlayout/_scripts/third-party/analytics/google-analytics.swig\u001b[39m","time":"2017-01-21T01:55:51.302Z","v":0}
{"name":"hexo","hostname":"iMac.local","pid":1531,"level":20,"msg":"Processed: \u001b[35mlayout/_scripts/third-party/analytics/tencent-analytics.swig\u001b[39m","time":"2017-01-21T01:55:51.302Z","v":0}
{"name":"hexo","hostname":"iMac.local","pid":1531,"level":20,"msg":"Processed: \u001b[35mlayout/_scripts/third-party/comments/disqus.swig\u001b[39m","time":"2017-01-21T01:55:51.302Z","v":0}
{"name":"hexo","hostname":"iMac.local","pid":1531,"level":20,"msg":"Processed: \u001b[35mlayout/_scripts/third-party/comments/gentie.swig\u001b[39m","time":"2017-01-21T01:55:51.302Z","v":0}
{"name":"hexo","hostname":"iMac.local","pid":1531,"level":20,"msg":"Processed: \u001b[35mlayout/_scripts/third-party/comments/duoshuo.swig\u001b[39m","time":"2017-01-21T01:55:51.302Z","v":0}
{"name":"hexo","hostname":"iMac.local","pid":1531,"level":20,"msg":"Processed: \u001b[35mlayout/_scripts/third-party/comments/hypercomments.swig\u001b[39m","time":"2017-01-21T01:55:51.302Z","v":0}
{"name":"hexo","hostname":"iMac.local","pid":1531,"level":20,"msg":"Processed: \u001b[35mlayout/_scripts/third-party/comments/youyan.swig\u001b[39m","time":"2017-01-21T01:55:51.302Z","v":0}
{"name":"hexo","hostname":"iMac.local","pid":1531,"level":20,"msg":"Processed: \u001b[35msource/lib/font-awesome/fonts/fontawesome-webfont.svg\u001b[39m","time":"2017-01-21T01:55:51.307Z","v":0}
{"name":"hexo","hostname":"iMac.local","pid":1531,"level":20,"msg":"Generator: \u001b[35mpage\u001b[39m","time":"2017-01-21T01:55:51.382Z","v":0}
{"name":"hexo","hostname":"iMac.local","pid":1531,"level":20,"msg":"Generator: \u001b[35mpost\u001b[39m","time":"2017-01-21T01:55:51.382Z","v":0}
{"name":"hexo","hostname":"iMac.local","pid":1531,"level":20,"msg":"Generator: \u001b[35mcategory\u001b[39m","time":"2017-01-21T01:55:51.382Z","v":0}
{"name":"hexo","hostname":"iMac.local","pid":1531,"level":20,"msg":"Generator: \u001b[35mindex\u001b[39m","time":"2017-01-21T01:55:51.382Z","v":0}
{"name":"hexo","hostname":"iMac.local","pid":1531,"level":20,"msg":"Generator: \u001b[35mtag\u001b[39m","time":"2017-01-21T01:55:51.382Z","v":0}
{"name":"hexo","hostname":"iMac.local","pid":1531,"level":20,"msg":"Generator: \u001b[35marchive\u001b[39m","time":"2017-01-21T01:55:51.382Z","v":0}
{"name":"hexo","hostname":"iMac.local","pid":1531,"level":20,"msg":"Generator: \u001b[35masset\u001b[39m","time":"2017-01-21T01:55:51.391Z","v":0}
{"name":"hexo","hostname":"iMac.local","pid":1531,"level":30,"msg":"Hexo is running at \u001b[4mhttp://localhost:4000/\u001b[24m. Press Ctrl+C to stop.","time":"2017-01-21T01:55:51.396Z","v":0}
{"name":"hexo","hostname":"iMac.local","pid":1531,"level":20,"msg":"Database saved","time":"2017-01-21T01:55:51.406Z","v":0}
{"name":"hexo","hostname":"iMac.local","pid":1531,"level":20,"msg":"Rendering index: \u001b[35mindex.html\u001b[39m","time":"2017-01-21T01:55:56.669Z","v":0}
{"name":"hexo","hostname":"iMac.local","pid":1531,"level":30,"msg":"Good bye","time":"2017-01-21T01:56:11.608Z","v":0}
{"name":"hexo","hostname":"iMac.local","pid":1531,"level":20,"msg":"Database saved","time":"2017-01-21T01:56:11.664Z","v":0}
